mode: set
github.com/sabariramc/goserverbase/v5/app/app.go:22.90,34.2 7 0
github.com/sabariramc/goserverbase/v5/app/app.go:36.44,38.2 1 0
github.com/sabariramc/goserverbase/v5/app/app.go:40.39,42.2 1 0
github.com/sabariramc/goserverbase/v5/app/app.go:44.72,46.2 1 0
github.com/sabariramc/goserverbase/v5/app/app.go:48.45,50.2 1 0
github.com/sabariramc/goserverbase/v5/app/app.go:52.54,54.2 1 0
github.com/sabariramc/goserverbase/v5/app/errorhandler.go:13.79,16.9 3 0
github.com/sabariramc/goserverbase/v5/app/errorhandler.go:16.9,19.3 2 0
github.com/sabariramc/goserverbase/v5/app/errorhandler.go:19.8,21.3 1 0
github.com/sabariramc/goserverbase/v5/app/errorhandler.go:22.2,22.24 1 0
github.com/sabariramc/goserverbase/v5/app/errorhandler.go:25.97,35.25 10 0
github.com/sabariramc/goserverbase/v5/app/errorhandler.go:35.25,41.3 5 0
github.com/sabariramc/goserverbase/v5/app/errorhandler.go:41.8,41.36 1 0
github.com/sabariramc/goserverbase/v5/app/errorhandler.go:41.36,47.3 5 0
github.com/sabariramc/goserverbase/v5/app/errorhandler.go:47.8,52.3 4 0
github.com/sabariramc/goserverbase/v5/app/errorhandler.go:53.2,53.21 1 0
github.com/sabariramc/goserverbase/v5/app/errorhandler.go:53.21,55.3 1 0
github.com/sabariramc/goserverbase/v5/app/errorhandler.go:56.2,57.22 2 0
github.com/sabariramc/goserverbase/v5/app/errorhandler.go:57.22,59.3 1 0
github.com/sabariramc/goserverbase/v5/app/errorhandler.go:60.2,60.33 1 0
github.com/sabariramc/goserverbase/v5/app/errorhandler.go:60.33,61.24 1 0
github.com/sabariramc/goserverbase/v5/app/errorhandler.go:61.24,63.4 1 0
github.com/sabariramc/goserverbase/v5/app/errorhandler.go:63.9,65.4 1 0
github.com/sabariramc/goserverbase/v5/app/errorhandler.go:67.2,67.25 1 0
github.com/sabariramc/goserverbase/v5/app/hooks.go:20.43,21.45 1 0
github.com/sabariramc/goserverbase/v5/app/hooks.go:21.45,23.3 1 0
github.com/sabariramc/goserverbase/v5/app/hooks.go:24.2,24.42 1 0
github.com/sabariramc/goserverbase/v5/app/hooks.go:24.42,26.3 1 0
github.com/sabariramc/goserverbase/v5/app/hooks.go:27.2,27.45 1 0
github.com/sabariramc/goserverbase/v5/app/hooks.go:27.45,29.3 1 0
github.com/sabariramc/goserverbase/v5/app/meta.go:9.68,11.2 1 0
github.com/sabariramc/goserverbase/v5/app/meta.go:13.61,16.37 3 0
github.com/sabariramc/goserverbase/v5/app/meta.go:16.37,21.13 5 0
github.com/sabariramc/goserverbase/v5/app/meta.go:21.13,23.4 1 0
github.com/sabariramc/goserverbase/v5/app/meta.go:24.3,25.10 2 0
github.com/sabariramc/goserverbase/v5/app/meta.go:26.25,27.34 1 0
github.com/sabariramc/goserverbase/v5/app/meta.go:28.23,28.23 0 0
github.com/sabariramc/goserverbase/v5/app/meta.go:30.3,30.17 1 0
github.com/sabariramc/goserverbase/v5/app/meta.go:30.17,33.4 2 0
github.com/sabariramc/goserverbase/v5/app/meta.go:34.3,34.90 1 0
github.com/sabariramc/goserverbase/v5/app/meta.go:36.2,37.12 2 0
github.com/sabariramc/goserverbase/v5/app/meta.go:40.68,42.2 1 0
github.com/sabariramc/goserverbase/v5/app/meta.go:44.70,48.37 4 0
github.com/sabariramc/goserverbase/v5/app/meta.go:48.37,55.13 7 0
github.com/sabariramc/goserverbase/v5/app/meta.go:55.13,58.4 2 0
github.com/sabariramc/goserverbase/v5/app/meta.go:59.3,59.10 1 0
github.com/sabariramc/goserverbase/v5/app/meta.go:60.25,61.34 1 0
github.com/sabariramc/goserverbase/v5/app/meta.go:62.17,62.17 0 0
github.com/sabariramc/goserverbase/v5/app/meta.go:64.3,64.17 1 0
github.com/sabariramc/goserverbase/v5/app/meta.go:64.17,70.4 2 0
github.com/sabariramc/goserverbase/v5/app/meta.go:70.9,75.4 1 0
github.com/sabariramc/goserverbase/v5/app/meta.go:76.3,77.90 2 0
github.com/sabariramc/goserverbase/v5/app/meta.go:79.2,80.12 2 0
github.com/sabariramc/goserverbase/v5/app/shutdown.go:12.65,17.2 4 0
github.com/sabariramc/goserverbase/v5/app/shutdown.go:19.64,21.2 1 0
github.com/sabariramc/goserverbase/v5/app/shutdown.go:23.49,26.39 3 0
github.com/sabariramc/goserverbase/v5/app/shutdown.go:26.39,31.3 4 0
github.com/sabariramc/goserverbase/v5/app/shutdown.go:32.2,33.21 2 0
github.com/sabariramc/goserverbase/v5/app/shutdown.go:36.82,37.15 1 0
github.com/sabariramc/goserverbase/v5/app/shutdown.go:37.15,38.35 1 0
github.com/sabariramc/goserverbase/v5/app/shutdown.go:38.35,40.4 1 0
github.com/sabariramc/goserverbase/v5/app/shutdown.go:42.2,43.16 2 0
github.com/sabariramc/goserverbase/v5/app/shutdown.go:43.16,46.3 2 0
github.com/sabariramc/goserverbase/v5/app/shutdown.go:47.2,47.70 1 0
github.com/sabariramc/goserverbase/v5/app/shutdown.go:50.74,53.2 2 0
github.com/sabariramc/goserverbase/v5/app/utility.go:9.107,11.2 1 0
github.com/sabariramc/goserverbase/v5/app/utility.go:13.108,15.2 1 0
github.com/sabariramc/goserverbase/v5/app/server/httpserver/test/h2c/ddtrace/main.go:10.13,12.16 2 0
github.com/sabariramc/goserverbase/v5/app/server/httpserver/test/h2c/ddtrace/main.go:12.16,14.3 1 0
github.com/sabariramc/goserverbase/v5/app/server/httpserver/test/h2c/ddtrace/main.go:15.2,17.20 3 0
github.com/sabariramc/goserverbase/v5/app/server/httpserver/test/h2c/main.go:7.13,10.2 2 0
github.com/sabariramc/goserverbase/v5/app/server/httpserver/test/http/ddtrace/main.go:10.13,12.16 2 0
github.com/sabariramc/goserverbase/v5/app/server/httpserver/test/http/ddtrace/main.go:12.16,14.3 1 0
github.com/sabariramc/goserverbase/v5/app/server/httpserver/test/http/ddtrace/main.go:15.2,17.17 3 0
github.com/sabariramc/goserverbase/v5/app/server/httpserver/test/h2c/otel/main.go:10.13,12.16 2 0
github.com/sabariramc/goserverbase/v5/app/server/httpserver/test/h2c/otel/main.go:12.16,14.3 1 0
github.com/sabariramc/goserverbase/v5/app/server/httpserver/test/h2c/otel/main.go:15.2,17.20 3 0
github.com/sabariramc/goserverbase/v5/app/server/httpserver/test/server.go:29.13,36.2 6 0
github.com/sabariramc/goserverbase/v5/app/server/httpserver/test/server.go:38.46,41.2 2 0
github.com/sabariramc/goserverbase/v5/app/server/httpserver/test/server.go:54.39,67.2 7 0
github.com/sabariramc/goserverbase/v5/app/server/httpserver/test/server.go:69.39,72.2 2 0
github.com/sabariramc/goserverbase/v5/app/server/httpserver/test/server.go:74.66,78.16 4 0
github.com/sabariramc/goserverbase/v5/app/server/httpserver/test/server.go:78.16,80.3 1 0
github.com/sabariramc/goserverbase/v5/app/server/httpserver/test/server.go:81.2,85.19 5 0
github.com/sabariramc/goserverbase/v5/app/server/httpserver/test/server.go:85.19,85.87 1 0
github.com/sabariramc/goserverbase/v5/app/server/httpserver/test/server.go:86.2,86.19 1 0
github.com/sabariramc/goserverbase/v5/app/server/httpserver/test/server.go:86.19,90.3 3 0
github.com/sabariramc/goserverbase/v5/app/server/httpserver/test/server.go:91.2,91.19 1 0
github.com/sabariramc/goserverbase/v5/app/server/httpserver/test/server.go:91.19,95.3 3 0
github.com/sabariramc/goserverbase/v5/app/server/httpserver/test/server.go:96.2,96.19 1 0
github.com/sabariramc/goserverbase/v5/app/server/httpserver/test/server.go:96.19,100.3 3 0
github.com/sabariramc/goserverbase/v5/app/server/httpserver/test/server.go:101.2,103.20 3 0
github.com/sabariramc/goserverbase/v5/app/server/httpserver/test/server.go:106.53,108.12 2 0
github.com/sabariramc/goserverbase/v5/app/server/httpserver/test/server.go:108.12,111.3 2 0
github.com/sabariramc/goserverbase/v5/app/server/httpserver/test/server.go:114.68,118.16 4 0
github.com/sabariramc/goserverbase/v5/app/server/httpserver/test/server.go:118.16,120.3 1 0
github.com/sabariramc/goserverbase/v5/app/server/httpserver/test/server.go:121.2,124.20 4 0
github.com/sabariramc/goserverbase/v5/app/server/httpserver/test/server.go:127.78,129.2 1 0
github.com/sabariramc/goserverbase/v5/app/server/httpserver/test/server.go:131.72,133.2 1 0
github.com/sabariramc/goserverbase/v5/app/server/httpserver/test/server.go:135.64,136.23 1 0
github.com/sabariramc/goserverbase/v5/app/server/httpserver/test/server.go:139.77,141.2 1 0
github.com/sabariramc/goserverbase/v5/app/server/httpserver/test/server.go:143.53,144.30 1 0
github.com/sabariramc/goserverbase/v5/app/server/httpserver/test/server.go:144.30,148.3 3 0
github.com/sabariramc/goserverbase/v5/app/server/httpserver/test/server.go:151.50,155.16 4 0
github.com/sabariramc/goserverbase/v5/app/server/httpserver/test/server.go:155.16,157.3 1 0
github.com/sabariramc/goserverbase/v5/app/server/httpserver/test/server.go:158.2,159.16 2 0
github.com/sabariramc/goserverbase/v5/app/server/httpserver/test/server.go:159.16,161.3 1 0
github.com/sabariramc/goserverbase/v5/app/server/httpserver/test/server.go:162.2,187.12 18 0
github.com/sabariramc/goserverbase/v5/app/server/httpserver/test/http/main.go:7.13,10.2 2 0
github.com/sabariramc/goserverbase/v5/app/server/httpserver/test/http2/main.go:7.13,10.2 2 0
github.com/sabariramc/goserverbase/v5/app/server/httpserver/test/http/otel/main.go:10.13,12.16 2 0
github.com/sabariramc/goserverbase/v5/app/server/httpserver/test/http/otel/main.go:12.16,14.3 1 0
github.com/sabariramc/goserverbase/v5/app/server/httpserver/test/http/otel/main.go:15.2,17.17 3 0
github.com/sabariramc/goserverbase/v5/app/server/httpserver/test/http2/ddtrace/main.go:10.13,12.16 2 0
github.com/sabariramc/goserverbase/v5/app/server/httpserver/test/http2/ddtrace/main.go:12.16,14.3 1 0
github.com/sabariramc/goserverbase/v5/app/server/httpserver/test/http2/ddtrace/main.go:15.2,17.20 3 0
github.com/sabariramc/goserverbase/v5/app/server/kafkaconsumer/bootstrap.go:14.66,24.15 10 0
github.com/sabariramc/goserverbase/v5/app/server/kafkaconsumer/bootstrap.go:24.15,25.35 1 0
github.com/sabariramc/goserverbase/v5/app/server/kafkaconsumer/bootstrap.go:25.35,30.4 4 0
github.com/sabariramc/goserverbase/v5/app/server/kafkaconsumer/bootstrap.go:32.2,37.12 6 0
github.com/sabariramc/goserverbase/v5/app/server/kafkaconsumer/bootstrap.go:37.12,40.49 3 0
github.com/sabariramc/goserverbase/v5/app/server/kafkaconsumer/bootstrap.go:40.49,42.4 1 0
github.com/sabariramc/goserverbase/v5/app/server/kafkaconsumer/bootstrap.go:44.2,46.6 3 0
github.com/sabariramc/goserverbase/v5/app/server/kafkaconsumer/bootstrap.go:46.6,47.10 1 0
github.com/sabariramc/goserverbase/v5/app/server/kafkaconsumer/bootstrap.go:48.21,49.10 1 0
github.com/sabariramc/goserverbase/v5/app/server/kafkaconsumer/bootstrap.go:50.26,51.11 1 0
github.com/sabariramc/goserverbase/v5/app/server/kafkaconsumer/bootstrap.go:51.11,54.5 2 0
github.com/sabariramc/goserverbase/v5/app/server/kafkaconsumer/bootstrap.go:55.4,57.22 3 0
github.com/sabariramc/goserverbase/v5/app/server/kafkaconsumer/bootstrap.go:57.22,59.5 1 0
github.com/sabariramc/goserverbase/v5/app/server/kafkaconsumer/bootstrap.go:60.4,64.22 5 0
github.com/sabariramc/goserverbase/v5/app/server/kafkaconsumer/context.go:11.101,14.28 3 0
github.com/sabariramc/goserverbase/v5/app/server/kafkaconsumer/context.go:14.28,16.3 1 0
github.com/sabariramc/goserverbase/v5/app/server/kafkaconsumer/context.go:17.2,17.11 1 0
github.com/sabariramc/goserverbase/v5/app/server/kafkaconsumer/context.go:20.96,24.2 3 0
github.com/sabariramc/goserverbase/v5/app/server/kafkaconsumer/context.go:26.85,32.21 6 0
github.com/sabariramc/goserverbase/v5/app/server/kafkaconsumer/context.go:32.21,42.32 10 0
github.com/sabariramc/goserverbase/v5/app/server/kafkaconsumer/context.go:42.32,43.19 1 0
github.com/sabariramc/goserverbase/v5/app/server/kafkaconsumer/context.go:43.19,45.5 1 0
github.com/sabariramc/goserverbase/v5/app/server/kafkaconsumer/context.go:48.2,48.15 1 0
github.com/sabariramc/goserverbase/v5/app/server/kafkaconsumer/handler.go:13.110,14.20 1 0
github.com/sabariramc/goserverbase/v5/app/server/kafkaconsumer/handler.go:14.20,16.3 1 0
github.com/sabariramc/goserverbase/v5/app/server/kafkaconsumer/handler.go:17.2,17.39 1 0
github.com/sabariramc/goserverbase/v5/app/server/kafkaconsumer/handler.go:17.39,19.3 1 0
github.com/sabariramc/goserverbase/v5/app/server/kafkaconsumer/handler.go:20.2,20.32 1 0
github.com/sabariramc/goserverbase/v5/app/server/kafkaconsumer/handler.go:23.114,25.15 2 0
github.com/sabariramc/goserverbase/v5/app/server/kafkaconsumer/handler.go:25.15,26.13 1 0
github.com/sabariramc/goserverbase/v5/app/server/kafkaconsumer/handler.go:26.13,28.4 1 0
github.com/sabariramc/goserverbase/v5/app/server/kafkaconsumer/handler.go:30.2,30.15 1 0
github.com/sabariramc/goserverbase/v5/app/server/kafkaconsumer/handler.go:30.15,31.35 1 0
github.com/sabariramc/goserverbase/v5/app/server/kafkaconsumer/handler.go:31.35,34.14 3 0
github.com/sabariramc/goserverbase/v5/app/server/kafkaconsumer/handler.go:34.14,37.5 2 0
github.com/sabariramc/goserverbase/v5/app/server/kafkaconsumer/handler.go:40.2,41.16 2 0
github.com/sabariramc/goserverbase/v5/app/server/kafkaconsumer/handler.go:41.16,43.13 2 0
github.com/sabariramc/goserverbase/v5/app/server/kafkaconsumer/handler.go:43.13,46.4 2 0
github.com/sabariramc/goserverbase/v5/app/server/kafkaconsumer/handler.go:47.3,47.9 1 0
github.com/sabariramc/goserverbase/v5/app/server/kafkaconsumer/handler.go:49.2,49.12 1 0
github.com/sabariramc/goserverbase/v5/app/server/kafkaconsumer/handler.go:49.12,51.3 1 0
github.com/sabariramc/goserverbase/v5/app/server/kafkaconsumer/handler.go:54.65,56.2 1 0
github.com/sabariramc/goserverbase/v5/app/server/kafkaconsumer/handler.go:58.91,60.2 1 0
github.com/sabariramc/goserverbase/v5/app/server/kafkaconsumer/handler.go:62.62,64.27 2 0
github.com/sabariramc/goserverbase/v5/app/server/kafkaconsumer/handler.go:64.27,66.3 1 0
github.com/sabariramc/goserverbase/v5/app/server/kafkaconsumer/handler.go:67.2,70.16 4 0
github.com/sabariramc/goserverbase/v5/app/server/kafkaconsumer/handler.go:70.16,75.3 1 0
github.com/sabariramc/goserverbase/v5/app/server/kafkaconsumer/handler.go:76.2,76.19 1 0
github.com/sabariramc/goserverbase/v5/app/server/kafkaconsumer/handler.go:79.89,80.21 1 0
github.com/sabariramc/goserverbase/v5/app/server/kafkaconsumer/handler.go:80.21,82.3 1 0
github.com/sabariramc/goserverbase/v5/app/server/kafkaconsumer/handler.go:83.2,83.19 1 0
github.com/sabariramc/goserverbase/v5/app/server/kafkaconsumer/health_check.go:9.71,10.12 1 0
github.com/sabariramc/goserverbase/v5/app/server/kafkaconsumer/health_check.go:10.12,13.7 3 0
github.com/sabariramc/goserverbase/v5/app/server/kafkaconsumer/health_check.go:13.7,14.11 1 0
github.com/sabariramc/goserverbase/v5/app/server/kafkaconsumer/health_check.go:15.22,16.11 1 0
github.com/sabariramc/goserverbase/v5/app/server/kafkaconsumer/health_check.go:17.33,19.19 2 0
github.com/sabariramc/goserverbase/v5/app/server/kafkaconsumer/health_check.go:19.19,21.26 2 0
github.com/sabariramc/goserverbase/v5/app/server/kafkaconsumer/health_check.go:21.26,23.7 1 0
github.com/sabariramc/goserverbase/v5/app/server/kafkaconsumer/health_check.go:24.6,24.59 1 0
github.com/sabariramc/goserverbase/v5/app/server/kafkaconsumer/health_check.go:26.5,26.98 1 0
github.com/sabariramc/goserverbase/v5/app/server/kafkaconsumer/health_check.go:32.70,35.2 2 0
github.com/sabariramc/goserverbase/v5/app/server/kafkaconsumer/server.go:36.130,37.37 1 0
github.com/sabariramc/goserverbase/v5/app/server/kafkaconsumer/server.go:37.37,39.3 1 0
github.com/sabariramc/goserverbase/v5/app/server/kafkaconsumer/server.go:40.2,40.36 1 0
github.com/sabariramc/goserverbase/v5/app/server/kafkaconsumer/server.go:40.36,42.3 1 0
github.com/sabariramc/goserverbase/v5/app/server/kafkaconsumer/server.go:43.2,53.10 5 0
github.com/sabariramc/goserverbase/v5/app/server/kafkaconsumer/server.go:56.64,58.2 1 0
github.com/sabariramc/goserverbase/v5/app/server/kafkaconsumer/shutdown.go:5.67,12.2 6 0
github.com/sabariramc/goserverbase/v5/app/server/httpserver/test/http2/otel/main.go:10.13,12.16 2 0
github.com/sabariramc/goserverbase/v5/app/server/httpserver/test/http2/otel/main.go:12.16,14.3 1 0
github.com/sabariramc/goserverbase/v5/app/server/httpserver/test/http2/otel/main.go:15.2,17.20 3 0
github.com/sabariramc/goserverbase/v5/app/server/kafkaconsumer/test/server.go:26.13,33.2 5 0
github.com/sabariramc/goserverbase/v5/app/server/kafkaconsumer/test/server.go:35.46,38.2 2 0
github.com/sabariramc/goserverbase/v5/app/server/kafkaconsumer/test/server.go:50.73,53.16 3 0
github.com/sabariramc/goserverbase/v5/app/server/kafkaconsumer/test/server.go:53.16,55.3 1 0
github.com/sabariramc/goserverbase/v5/app/server/kafkaconsumer/test/server.go:56.2,61.12 6 0
github.com/sabariramc/goserverbase/v5/app/server/kafkaconsumer/test/server.go:61.12,64.3 2 0
github.com/sabariramc/goserverbase/v5/app/server/kafkaconsumer/test/server.go:65.2,65.12 1 0
github.com/sabariramc/goserverbase/v5/app/server/kafkaconsumer/test/server.go:65.12,70.3 4 0
github.com/sabariramc/goserverbase/v5/app/server/kafkaconsumer/test/server.go:71.2,73.12 3 0
github.com/sabariramc/goserverbase/v5/app/server/kafkaconsumer/test/server.go:76.71,78.2 1 0
github.com/sabariramc/goserverbase/v5/app/server/kafkaconsumer/test/server.go:80.51,82.2 1 0
github.com/sabariramc/goserverbase/v5/app/server/kafkaconsumer/test/server.go:84.50,88.16 4 0
github.com/sabariramc/goserverbase/v5/app/server/kafkaconsumer/test/server.go:88.16,90.3 1 0
github.com/sabariramc/goserverbase/v5/app/server/kafkaconsumer/test/server.go:91.2,92.16 2 0
github.com/sabariramc/goserverbase/v5/app/server/kafkaconsumer/test/server.go:92.16,94.3 1 0
github.com/sabariramc/goserverbase/v5/app/server/kafkaconsumer/test/server.go:95.2,109.12 8 0
github.com/sabariramc/goserverbase/v5/app/server/kafkaconsumer/test/consumer/main.go:9.13,12.2 2 0
github.com/sabariramc/goserverbase/v5/app/server/kafkaconsumer/test/consumer/ddtrace/main.go:11.13,13.16 2 0
github.com/sabariramc/goserverbase/v5/app/server/kafkaconsumer/test/consumer/ddtrace/main.go:13.16,15.3 1 0
github.com/sabariramc/goserverbase/v5/app/server/kafkaconsumer/test/consumer/ddtrace/main.go:16.2,18.39 3 0
github.com/sabariramc/goserverbase/v5/app/server/kafkaconsumer/test/consumer/otel/main.go:11.13,13.16 2 0
github.com/sabariramc/goserverbase/v5/app/server/kafkaconsumer/test/consumer/otel/main.go:13.16,15.3 1 0
github.com/sabariramc/goserverbase/v5/app/server/kafkaconsumer/test/consumer/otel/main.go:16.2,18.39 3 0
github.com/sabariramc/goserverbase/v5/db/mongo/csfle/sample/piiModel.go:39.44,62.2 2 0
github.com/sabariramc/goserverbase/v5/db/mongo/csfle/sample/piiModel.go:68.37,70.2 1 0
github.com/sabariramc/goserverbase/v5/db/mongo/csfle/sample/piiModel.go:72.71,78.2 1 0
github.com/sabariramc/goserverbase/v5/db/mongo/csfle/sample/piiModel.go:80.49,82.2 1 0
github.com/sabariramc/goserverbase/v5/db/mongo/csfle/sample/piiModel.go:84.103,85.47 1 0
github.com/sabariramc/goserverbase/v5/db/mongo/csfle/sample/piiModel.go:85.47,96.3 3 0
github.com/sabariramc/goserverbase/v5/db/mongo/csfle/sample/piiModel.go:96.8,96.49 1 0
github.com/sabariramc/goserverbase/v5/db/mongo/csfle/sample/piiModel.go:96.49,98.3 1 0
github.com/sabariramc/goserverbase/v5/db/mongo/csfle/sample/piiModel.go:99.2,99.56 1 0
github.com/sabariramc/goserverbase/v5/crypto/padding/pkcs7.go:9.37,11.2 1 0
github.com/sabariramc/goserverbase/v5/crypto/padding/pkcs7.go:13.52,17.2 3 0
github.com/sabariramc/goserverbase/v5/crypto/padding/pkcs7.go:19.46,23.2 3 0
github.com/sabariramc/goserverbase/v5/app/app.go:22.90,34.2 7 0
github.com/sabariramc/goserverbase/v5/app/app.go:36.44,38.2 1 0
github.com/sabariramc/goserverbase/v5/app/app.go:40.39,42.2 1 0
github.com/sabariramc/goserverbase/v5/app/app.go:44.72,46.2 1 0
github.com/sabariramc/goserverbase/v5/app/app.go:48.45,50.2 1 0
github.com/sabariramc/goserverbase/v5/app/app.go:52.54,54.2 1 0
github.com/sabariramc/goserverbase/v5/app/errorhandler.go:13.79,16.9 3 0
github.com/sabariramc/goserverbase/v5/app/errorhandler.go:16.9,19.3 2 0
github.com/sabariramc/goserverbase/v5/app/errorhandler.go:19.8,21.3 1 0
github.com/sabariramc/goserverbase/v5/app/errorhandler.go:22.2,22.24 1 0
github.com/sabariramc/goserverbase/v5/app/errorhandler.go:25.97,35.25 10 0
github.com/sabariramc/goserverbase/v5/app/errorhandler.go:35.25,41.3 5 0
github.com/sabariramc/goserverbase/v5/app/errorhandler.go:41.8,41.36 1 0
github.com/sabariramc/goserverbase/v5/app/errorhandler.go:41.36,47.3 5 0
github.com/sabariramc/goserverbase/v5/app/errorhandler.go:47.8,52.3 4 0
github.com/sabariramc/goserverbase/v5/app/errorhandler.go:53.2,53.21 1 0
github.com/sabariramc/goserverbase/v5/app/errorhandler.go:53.21,55.3 1 0
github.com/sabariramc/goserverbase/v5/app/errorhandler.go:56.2,57.22 2 0
github.com/sabariramc/goserverbase/v5/app/errorhandler.go:57.22,59.3 1 0
github.com/sabariramc/goserverbase/v5/app/errorhandler.go:60.2,60.33 1 0
github.com/sabariramc/goserverbase/v5/app/errorhandler.go:60.33,61.24 1 0
github.com/sabariramc/goserverbase/v5/app/errorhandler.go:61.24,63.4 1 0
github.com/sabariramc/goserverbase/v5/app/errorhandler.go:63.9,65.4 1 0
github.com/sabariramc/goserverbase/v5/app/errorhandler.go:67.2,67.25 1 0
github.com/sabariramc/goserverbase/v5/app/hooks.go:20.43,21.45 1 0
github.com/sabariramc/goserverbase/v5/app/hooks.go:21.45,23.3 1 0
github.com/sabariramc/goserverbase/v5/app/hooks.go:24.2,24.42 1 0
github.com/sabariramc/goserverbase/v5/app/hooks.go:24.42,26.3 1 0
github.com/sabariramc/goserverbase/v5/app/hooks.go:27.2,27.45 1 0
github.com/sabariramc/goserverbase/v5/app/hooks.go:27.45,29.3 1 0
github.com/sabariramc/goserverbase/v5/app/meta.go:9.68,11.2 1 0
github.com/sabariramc/goserverbase/v5/app/meta.go:13.61,16.37 3 0
github.com/sabariramc/goserverbase/v5/app/meta.go:16.37,21.13 5 0
github.com/sabariramc/goserverbase/v5/app/meta.go:21.13,23.4 1 0
github.com/sabariramc/goserverbase/v5/app/meta.go:24.3,25.10 2 0
github.com/sabariramc/goserverbase/v5/app/meta.go:26.25,27.34 1 0
github.com/sabariramc/goserverbase/v5/app/meta.go:28.23,28.23 0 0
github.com/sabariramc/goserverbase/v5/app/meta.go:30.3,30.17 1 0
github.com/sabariramc/goserverbase/v5/app/meta.go:30.17,33.4 2 0
github.com/sabariramc/goserverbase/v5/app/meta.go:34.3,34.90 1 0
github.com/sabariramc/goserverbase/v5/app/meta.go:36.2,37.12 2 0
github.com/sabariramc/goserverbase/v5/app/meta.go:40.68,42.2 1 0
github.com/sabariramc/goserverbase/v5/app/meta.go:44.70,48.37 4 0
github.com/sabariramc/goserverbase/v5/app/meta.go:48.37,55.13 7 0
github.com/sabariramc/goserverbase/v5/app/meta.go:55.13,58.4 2 0
github.com/sabariramc/goserverbase/v5/app/meta.go:59.3,59.10 1 0
github.com/sabariramc/goserverbase/v5/app/meta.go:60.25,61.34 1 0
github.com/sabariramc/goserverbase/v5/app/meta.go:62.17,62.17 0 0
github.com/sabariramc/goserverbase/v5/app/meta.go:64.3,64.17 1 0
github.com/sabariramc/goserverbase/v5/app/meta.go:64.17,70.4 2 0
github.com/sabariramc/goserverbase/v5/app/meta.go:70.9,75.4 1 0
github.com/sabariramc/goserverbase/v5/app/meta.go:76.3,77.90 2 0
github.com/sabariramc/goserverbase/v5/app/meta.go:79.2,80.12 2 0
github.com/sabariramc/goserverbase/v5/app/shutdown.go:12.65,17.2 4 0
github.com/sabariramc/goserverbase/v5/app/shutdown.go:19.64,21.2 1 0
github.com/sabariramc/goserverbase/v5/app/shutdown.go:23.49,26.39 3 0
github.com/sabariramc/goserverbase/v5/app/shutdown.go:26.39,31.3 4 0
github.com/sabariramc/goserverbase/v5/app/shutdown.go:32.2,33.21 2 0
github.com/sabariramc/goserverbase/v5/app/shutdown.go:36.82,37.15 1 0
github.com/sabariramc/goserverbase/v5/app/shutdown.go:37.15,38.35 1 0
github.com/sabariramc/goserverbase/v5/app/shutdown.go:38.35,40.4 1 0
github.com/sabariramc/goserverbase/v5/app/shutdown.go:42.2,43.16 2 0
github.com/sabariramc/goserverbase/v5/app/shutdown.go:43.16,46.3 2 0
github.com/sabariramc/goserverbase/v5/app/shutdown.go:47.2,47.70 1 0
github.com/sabariramc/goserverbase/v5/app/shutdown.go:50.74,53.2 2 0
github.com/sabariramc/goserverbase/v5/app/utility.go:9.107,11.2 1 0
github.com/sabariramc/goserverbase/v5/app/utility.go:13.108,15.2 1 0
github.com/sabariramc/goserverbase/v5/app/server/kafkaconsumer/bootstrap.go:14.66,24.15 10 0
github.com/sabariramc/goserverbase/v5/app/server/kafkaconsumer/bootstrap.go:24.15,25.35 1 0
github.com/sabariramc/goserverbase/v5/app/server/kafkaconsumer/bootstrap.go:25.35,30.4 4 0
github.com/sabariramc/goserverbase/v5/app/server/kafkaconsumer/bootstrap.go:32.2,37.12 6 0
github.com/sabariramc/goserverbase/v5/app/server/kafkaconsumer/bootstrap.go:37.12,40.49 3 0
github.com/sabariramc/goserverbase/v5/app/server/kafkaconsumer/bootstrap.go:40.49,42.4 1 0
github.com/sabariramc/goserverbase/v5/app/server/kafkaconsumer/bootstrap.go:44.2,46.6 3 0
github.com/sabariramc/goserverbase/v5/app/server/kafkaconsumer/bootstrap.go:46.6,47.10 1 0
github.com/sabariramc/goserverbase/v5/app/server/kafkaconsumer/bootstrap.go:48.21,49.10 1 0
github.com/sabariramc/goserverbase/v5/app/server/kafkaconsumer/bootstrap.go:50.26,51.11 1 0
github.com/sabariramc/goserverbase/v5/app/server/kafkaconsumer/bootstrap.go:51.11,54.5 2 0
github.com/sabariramc/goserverbase/v5/app/server/kafkaconsumer/bootstrap.go:55.4,57.22 3 0
github.com/sabariramc/goserverbase/v5/app/server/kafkaconsumer/bootstrap.go:57.22,59.5 1 0
github.com/sabariramc/goserverbase/v5/app/server/kafkaconsumer/bootstrap.go:60.4,64.22 5 0
github.com/sabariramc/goserverbase/v5/app/server/kafkaconsumer/context.go:11.101,14.28 3 0
github.com/sabariramc/goserverbase/v5/app/server/kafkaconsumer/context.go:14.28,16.3 1 0
github.com/sabariramc/goserverbase/v5/app/server/kafkaconsumer/context.go:17.2,17.11 1 0
github.com/sabariramc/goserverbase/v5/app/server/kafkaconsumer/context.go:20.96,24.2 3 0
github.com/sabariramc/goserverbase/v5/app/server/kafkaconsumer/context.go:26.85,32.21 6 0
github.com/sabariramc/goserverbase/v5/app/server/kafkaconsumer/context.go:32.21,42.32 10 0
github.com/sabariramc/goserverbase/v5/app/server/kafkaconsumer/context.go:42.32,43.19 1 0
github.com/sabariramc/goserverbase/v5/app/server/kafkaconsumer/context.go:43.19,45.5 1 0
github.com/sabariramc/goserverbase/v5/app/server/kafkaconsumer/context.go:48.2,48.15 1 0
github.com/sabariramc/goserverbase/v5/app/server/kafkaconsumer/handler.go:13.110,14.20 1 0
github.com/sabariramc/goserverbase/v5/app/server/kafkaconsumer/handler.go:14.20,16.3 1 0
github.com/sabariramc/goserverbase/v5/app/server/kafkaconsumer/handler.go:17.2,17.39 1 0
github.com/sabariramc/goserverbase/v5/app/server/kafkaconsumer/handler.go:17.39,19.3 1 0
github.com/sabariramc/goserverbase/v5/app/server/kafkaconsumer/handler.go:20.2,20.32 1 0
github.com/sabariramc/goserverbase/v5/app/server/kafkaconsumer/handler.go:23.114,25.15 2 0
github.com/sabariramc/goserverbase/v5/app/server/kafkaconsumer/handler.go:25.15,26.13 1 0
github.com/sabariramc/goserverbase/v5/app/server/kafkaconsumer/handler.go:26.13,28.4 1 0
github.com/sabariramc/goserverbase/v5/app/server/kafkaconsumer/handler.go:30.2,30.15 1 0
github.com/sabariramc/goserverbase/v5/app/server/kafkaconsumer/handler.go:30.15,31.35 1 0
github.com/sabariramc/goserverbase/v5/app/server/kafkaconsumer/handler.go:31.35,34.14 3 0
github.com/sabariramc/goserverbase/v5/app/server/kafkaconsumer/handler.go:34.14,37.5 2 0
github.com/sabariramc/goserverbase/v5/app/server/kafkaconsumer/handler.go:40.2,41.16 2 0
github.com/sabariramc/goserverbase/v5/app/server/kafkaconsumer/handler.go:41.16,43.13 2 0
github.com/sabariramc/goserverbase/v5/app/server/kafkaconsumer/handler.go:43.13,46.4 2 0
github.com/sabariramc/goserverbase/v5/app/server/kafkaconsumer/handler.go:47.3,47.9 1 0
github.com/sabariramc/goserverbase/v5/app/server/kafkaconsumer/handler.go:49.2,49.12 1 0
github.com/sabariramc/goserverbase/v5/app/server/kafkaconsumer/handler.go:49.12,51.3 1 0
github.com/sabariramc/goserverbase/v5/app/server/kafkaconsumer/handler.go:54.65,56.2 1 0
github.com/sabariramc/goserverbase/v5/app/server/kafkaconsumer/handler.go:58.91,60.2 1 0
github.com/sabariramc/goserverbase/v5/app/server/kafkaconsumer/handler.go:62.62,64.27 2 0
github.com/sabariramc/goserverbase/v5/app/server/kafkaconsumer/handler.go:64.27,66.3 1 0
github.com/sabariramc/goserverbase/v5/app/server/kafkaconsumer/handler.go:67.2,70.16 4 0
github.com/sabariramc/goserverbase/v5/app/server/kafkaconsumer/handler.go:70.16,75.3 1 0
github.com/sabariramc/goserverbase/v5/app/server/kafkaconsumer/handler.go:76.2,76.19 1 0
github.com/sabariramc/goserverbase/v5/app/server/kafkaconsumer/handler.go:79.89,80.21 1 0
github.com/sabariramc/goserverbase/v5/app/server/kafkaconsumer/handler.go:80.21,82.3 1 0
github.com/sabariramc/goserverbase/v5/app/server/kafkaconsumer/handler.go:83.2,83.19 1 0
github.com/sabariramc/goserverbase/v5/app/server/kafkaconsumer/health_check.go:9.71,10.12 1 0
github.com/sabariramc/goserverbase/v5/app/server/kafkaconsumer/health_check.go:10.12,13.7 3 0
github.com/sabariramc/goserverbase/v5/app/server/kafkaconsumer/health_check.go:13.7,14.11 1 0
github.com/sabariramc/goserverbase/v5/app/server/kafkaconsumer/health_check.go:15.22,16.11 1 0
github.com/sabariramc/goserverbase/v5/app/server/kafkaconsumer/health_check.go:17.33,19.19 2 0
github.com/sabariramc/goserverbase/v5/app/server/kafkaconsumer/health_check.go:19.19,21.26 2 0
github.com/sabariramc/goserverbase/v5/app/server/kafkaconsumer/health_check.go:21.26,23.7 1 0
github.com/sabariramc/goserverbase/v5/app/server/kafkaconsumer/health_check.go:24.6,24.59 1 0
github.com/sabariramc/goserverbase/v5/app/server/kafkaconsumer/health_check.go:26.5,26.98 1 0
github.com/sabariramc/goserverbase/v5/app/server/kafkaconsumer/health_check.go:32.70,35.2 2 0
github.com/sabariramc/goserverbase/v5/app/server/kafkaconsumer/server.go:36.130,37.37 1 0
github.com/sabariramc/goserverbase/v5/app/server/kafkaconsumer/server.go:37.37,39.3 1 0
github.com/sabariramc/goserverbase/v5/app/server/kafkaconsumer/server.go:40.2,40.36 1 0
github.com/sabariramc/goserverbase/v5/app/server/kafkaconsumer/server.go:40.36,42.3 1 0
github.com/sabariramc/goserverbase/v5/app/server/kafkaconsumer/server.go:43.2,53.10 5 0
github.com/sabariramc/goserverbase/v5/app/server/kafkaconsumer/server.go:56.64,58.2 1 0
github.com/sabariramc/goserverbase/v5/app/server/kafkaconsumer/shutdown.go:5.67,12.2 6 0
github.com/sabariramc/goserverbase/v5/crypto/aes/cbc.go:28.89,30.16 2 1
github.com/sabariramc/goserverbase/v5/crypto/aes/cbc.go:30.16,33.3 2 0
github.com/sabariramc/goserverbase/v5/crypto/aes/cbc.go:34.2,35.16 2 1
github.com/sabariramc/goserverbase/v5/crypto/aes/cbc.go:35.16,37.3 1 0
github.com/sabariramc/goserverbase/v5/crypto/aes/cbc.go:38.2,38.71 1 1
github.com/sabariramc/goserverbase/v5/crypto/aes/cbc.go:41.106,43.16 2 1
github.com/sabariramc/goserverbase/v5/crypto/aes/cbc.go:43.16,46.3 2 0
github.com/sabariramc/goserverbase/v5/crypto/aes/cbc.go:47.2,48.16 2 1
github.com/sabariramc/goserverbase/v5/crypto/aes/cbc.go:48.16,51.3 2 0
github.com/sabariramc/goserverbase/v5/crypto/aes/cbc.go:52.2,52.47 1 1
github.com/sabariramc/goserverbase/v5/crypto/aes/cbc.go:52.47,55.3 2 0
github.com/sabariramc/goserverbase/v5/crypto/aes/cbc.go:56.2,56.91 1 1
github.com/sabariramc/goserverbase/v5/crypto/aes/cbc.go:59.78,61.16 2 1
github.com/sabariramc/goserverbase/v5/crypto/aes/cbc.go:61.16,64.3 2 0
github.com/sabariramc/goserverbase/v5/crypto/aes/cbc.go:65.2,70.59 6 1
github.com/sabariramc/goserverbase/v5/crypto/aes/cbc.go:73.79,75.16 2 1
github.com/sabariramc/goserverbase/v5/crypto/aes/cbc.go:75.16,78.3 2 0
github.com/sabariramc/goserverbase/v5/crypto/aes/cbc.go:79.2,80.17 2 1
github.com/sabariramc/goserverbase/v5/crypto/aes/cbc.go:83.96,85.16 2 1
github.com/sabariramc/goserverbase/v5/crypto/aes/cbc.go:85.16,88.3 2 0
github.com/sabariramc/goserverbase/v5/crypto/aes/cbc.go:89.2,92.39 4 1
github.com/sabariramc/goserverbase/v5/crypto/aes/cbc.go:92.39,95.3 2 0
github.com/sabariramc/goserverbase/v5/crypto/aes/cbc.go:96.2,100.23 5 1
github.com/sabariramc/goserverbase/v5/crypto/aes/cbc.go:103.88,105.16 2 1
github.com/sabariramc/goserverbase/v5/crypto/aes/cbc.go:105.16,108.3 2 0
github.com/sabariramc/goserverbase/v5/crypto/aes/cbc.go:109.2,110.16 2 1
github.com/sabariramc/goserverbase/v5/crypto/aes/cbc.go:110.16,113.3 2 0
github.com/sabariramc/goserverbase/v5/crypto/aes/cbc.go:114.2,115.17 2 1
github.com/sabariramc/goserverbase/v5/crypto/aes/cbc.go:118.30,120.17 2 1
github.com/sabariramc/goserverbase/v5/crypto/aes/cbc.go:120.17,122.3 1 1
github.com/sabariramc/goserverbase/v5/crypto/aes/cbc.go:123.2,123.11 1 1
github.com/sabariramc/goserverbase/v5/crypto/aes/ecb.go:26.77,28.16 2 1
github.com/sabariramc/goserverbase/v5/crypto/aes/ecb.go:28.16,31.3 2 0
github.com/sabariramc/goserverbase/v5/crypto/aes/ecb.go:32.2,32.20 1 1
github.com/sabariramc/goserverbase/v5/crypto/aes/ecb.go:35.95,37.16 2 1
github.com/sabariramc/goserverbase/v5/crypto/aes/ecb.go:37.16,40.3 2 0
github.com/sabariramc/goserverbase/v5/crypto/aes/ecb.go:41.2,47.8 1 1
github.com/sabariramc/goserverbase/v5/crypto/aes/ecb.go:50.73,54.67 4 1
github.com/sabariramc/goserverbase/v5/crypto/aes/ecb.go:54.67,56.3 1 1
github.com/sabariramc/goserverbase/v5/crypto/aes/ecb.go:57.2,57.23 1 1
github.com/sabariramc/goserverbase/v5/crypto/aes/ecb.go:60.84,62.16 2 0
github.com/sabariramc/goserverbase/v5/crypto/aes/ecb.go:62.16,65.3 2 0
github.com/sabariramc/goserverbase/v5/crypto/aes/ecb.go:66.2,67.17 2 0
github.com/sabariramc/goserverbase/v5/crypto/aes/ecb.go:70.73,73.67 3 1
github.com/sabariramc/goserverbase/v5/crypto/aes/ecb.go:73.67,75.3 1 1
github.com/sabariramc/goserverbase/v5/crypto/aes/ecb.go:76.2,77.23 2 1
github.com/sabariramc/goserverbase/v5/crypto/aes/gcm.go:19.73,21.16 2 1
github.com/sabariramc/goserverbase/v5/crypto/aes/gcm.go:21.16,24.3 2 0
github.com/sabariramc/goserverbase/v5/crypto/aes/gcm.go:25.2,25.67 1 1
github.com/sabariramc/goserverbase/v5/crypto/aes/gcm.go:28.78,30.16 2 1
github.com/sabariramc/goserverbase/v5/crypto/aes/gcm.go:30.16,33.3 2 0
github.com/sabariramc/goserverbase/v5/crypto/aes/gcm.go:34.2,35.16 2 1
github.com/sabariramc/goserverbase/v5/crypto/aes/gcm.go:35.16,38.3 2 0
github.com/sabariramc/goserverbase/v5/crypto/aes/gcm.go:39.2,41.42 3 1
github.com/sabariramc/goserverbase/v5/crypto/aes/gcm.go:44.84,46.16 2 0
github.com/sabariramc/goserverbase/v5/crypto/aes/gcm.go:46.16,49.3 2 0
github.com/sabariramc/goserverbase/v5/crypto/aes/gcm.go:50.2,51.17 2 0
github.com/sabariramc/goserverbase/v5/crypto/aes/gcm.go:54.96,56.16 2 1
github.com/sabariramc/goserverbase/v5/crypto/aes/gcm.go:56.16,59.3 2 0
github.com/sabariramc/goserverbase/v5/crypto/aes/gcm.go:60.2,61.16 2 1
github.com/sabariramc/goserverbase/v5/crypto/aes/gcm.go:61.16,64.3 2 0
github.com/sabariramc/goserverbase/v5/crypto/aes/gcm.go:65.2,68.16 4 1
github.com/sabariramc/goserverbase/v5/crypto/aes/gcm.go:68.16,71.3 2 0
github.com/sabariramc/goserverbase/v5/crypto/aes/gcm.go:72.2,72.23 1 1
github.com/sabariramc/goserverbase/v5/crypto/aes/gcm.go:75.88,77.16 2 0
github.com/sabariramc/goserverbase/v5/crypto/aes/gcm.go:77.16,80.3 2 0
github.com/sabariramc/goserverbase/v5/crypto/aes/gcm.go:81.2,82.16 2 0
github.com/sabariramc/goserverbase/v5/crypto/aes/gcm.go:82.16,85.3 2 0
github.com/sabariramc/goserverbase/v5/crypto/aes/gcm.go:86.2,87.17 2 0
github.com/sabariramc/goserverbase/v5/crypto/aes/utility.go:3.46,6.16 3 1
github.com/sabariramc/goserverbase/v5/crypto/aes/utility.go:7.10,8.34 1 0
github.com/sabariramc/goserverbase/v5/crypto/aes/utility.go:9.18,10.22 1 1
github.com/sabariramc/goserverbase/v5/crypto/padding/pkcs7.go:9.37,11.2 1 1
github.com/sabariramc/goserverbase/v5/crypto/padding/pkcs7.go:13.52,17.2 3 1
github.com/sabariramc/goserverbase/v5/crypto/padding/pkcs7.go:19.46,23.2 3 1
github.com/sabariramc/goserverbase/v5/kafka/api/reader.go:29.110,38.2 1 0
github.com/sabariramc/goserverbase/v5/kafka/api/reader.go:40.52,43.16 3 0
github.com/sabariramc/goserverbase/v5/kafka/api/reader.go:43.16,45.3 1 0
github.com/sabariramc/goserverbase/v5/kafka/api/reader.go:46.2,46.17 1 0
github.com/sabariramc/goserverbase/v5/kafka/api/reader.go:46.17,50.3 3 0
github.com/sabariramc/goserverbase/v5/kafka/api/reader.go:51.2,54.16 4 0
github.com/sabariramc/goserverbase/v5/kafka/api/reader.go:54.16,57.3 2 0
github.com/sabariramc/goserverbase/v5/kafka/api/reader.go:58.2,59.12 2 0
github.com/sabariramc/goserverbase/v5/kafka/api/reader.go:62.78,63.27 1 0
github.com/sabariramc/goserverbase/v5/kafka/api/reader.go:63.27,65.3 1 0
github.com/sabariramc/goserverbase/v5/kafka/api/reader.go:66.2,70.12 5 0
github.com/sabariramc/goserverbase/v5/kafka/api/reader.go:73.51,75.16 2 0
github.com/sabariramc/goserverbase/v5/kafka/api/reader.go:75.16,78.3 2 0
github.com/sabariramc/goserverbase/v5/kafka/api/reader.go:79.2,79.12 1 0
github.com/sabariramc/goserverbase/v5/kafka/api/writer.go:32.108,33.13 1 0
github.com/sabariramc/goserverbase/v5/kafka/api/writer.go:33.13,35.3 1 0
github.com/sabariramc/goserverbase/v5/kafka/api/writer.go:36.2,43.3 1 0
github.com/sabariramc/goserverbase/v5/kafka/api/writer.go:46.70,47.17 1 0
github.com/sabariramc/goserverbase/v5/kafka/api/writer.go:47.17,55.3 7 0
github.com/sabariramc/goserverbase/v5/kafka/api/writer.go:56.2,56.13 1 0
github.com/sabariramc/goserverbase/v5/kafka/api/writer.go:56.13,58.3 1 0
github.com/sabariramc/goserverbase/v5/kafka/api/writer.go:59.2,61.26 3 0
github.com/sabariramc/goserverbase/v5/kafka/api/writer.go:61.26,63.3 1 0
github.com/sabariramc/goserverbase/v5/kafka/api/writer.go:64.2,66.12 3 0
github.com/sabariramc/goserverbase/v5/kafka/api/writer.go:69.51,72.16 3 0
github.com/sabariramc/goserverbase/v5/kafka/api/writer.go:72.16,74.3 1 0
github.com/sabariramc/goserverbase/v5/kafka/api/writer.go:75.2,75.17 1 0
github.com/sabariramc/goserverbase/v5/kafka/api/writer.go:75.17,79.3 3 0
github.com/sabariramc/goserverbase/v5/kafka/api/writer.go:80.2,83.16 4 0
github.com/sabariramc/goserverbase/v5/kafka/api/writer.go:83.16,86.3 2 0
github.com/sabariramc/goserverbase/v5/kafka/api/writer.go:87.2,87.12 1 0
github.com/sabariramc/goserverbase/v5/kafka/api/writer.go:90.51,91.20 1 0
github.com/sabariramc/goserverbase/v5/kafka/api/writer.go:91.20,93.3 1 0
github.com/sabariramc/goserverbase/v5/kafka/api/writer.go:94.2,96.16 3 0
github.com/sabariramc/goserverbase/v5/kafka/api/writer.go:96.16,99.3 2 0
github.com/sabariramc/goserverbase/v5/kafka/api/writer.go:100.2,100.12 1 0
github.com/sabariramc/goserverbase/v5/app/app.go:22.90,34.2 7 0
github.com/sabariramc/goserverbase/v5/app/app.go:36.44,38.2 1 0
github.com/sabariramc/goserverbase/v5/app/app.go:40.39,42.2 1 0
github.com/sabariramc/goserverbase/v5/app/app.go:44.72,46.2 1 0
github.com/sabariramc/goserverbase/v5/app/app.go:48.45,50.2 1 0
github.com/sabariramc/goserverbase/v5/app/app.go:52.54,54.2 1 0
github.com/sabariramc/goserverbase/v5/app/errorhandler.go:13.79,16.9 3 0
github.com/sabariramc/goserverbase/v5/app/errorhandler.go:16.9,19.3 2 0
github.com/sabariramc/goserverbase/v5/app/errorhandler.go:19.8,21.3 1 0
github.com/sabariramc/goserverbase/v5/app/errorhandler.go:22.2,22.24 1 0
github.com/sabariramc/goserverbase/v5/app/errorhandler.go:25.97,35.25 10 0
github.com/sabariramc/goserverbase/v5/app/errorhandler.go:35.25,41.3 5 0
github.com/sabariramc/goserverbase/v5/app/errorhandler.go:41.8,41.36 1 0
github.com/sabariramc/goserverbase/v5/app/errorhandler.go:41.36,47.3 5 0
github.com/sabariramc/goserverbase/v5/app/errorhandler.go:47.8,52.3 4 0
github.com/sabariramc/goserverbase/v5/app/errorhandler.go:53.2,53.21 1 0
github.com/sabariramc/goserverbase/v5/app/errorhandler.go:53.21,55.3 1 0
github.com/sabariramc/goserverbase/v5/app/errorhandler.go:56.2,57.22 2 0
github.com/sabariramc/goserverbase/v5/app/errorhandler.go:57.22,59.3 1 0
github.com/sabariramc/goserverbase/v5/app/errorhandler.go:60.2,60.33 1 0
github.com/sabariramc/goserverbase/v5/app/errorhandler.go:60.33,61.24 1 0
github.com/sabariramc/goserverbase/v5/app/errorhandler.go:61.24,63.4 1 0
github.com/sabariramc/goserverbase/v5/app/errorhandler.go:63.9,65.4 1 0
github.com/sabariramc/goserverbase/v5/app/errorhandler.go:67.2,67.25 1 0
github.com/sabariramc/goserverbase/v5/app/hooks.go:20.43,21.45 1 0
github.com/sabariramc/goserverbase/v5/app/hooks.go:21.45,23.3 1 0
github.com/sabariramc/goserverbase/v5/app/hooks.go:24.2,24.42 1 0
github.com/sabariramc/goserverbase/v5/app/hooks.go:24.42,26.3 1 0
github.com/sabariramc/goserverbase/v5/app/hooks.go:27.2,27.45 1 0
github.com/sabariramc/goserverbase/v5/app/hooks.go:27.45,29.3 1 0
github.com/sabariramc/goserverbase/v5/app/meta.go:9.68,11.2 1 0
github.com/sabariramc/goserverbase/v5/app/meta.go:13.61,16.37 3 0
github.com/sabariramc/goserverbase/v5/app/meta.go:16.37,21.13 5 0
github.com/sabariramc/goserverbase/v5/app/meta.go:21.13,23.4 1 0
github.com/sabariramc/goserverbase/v5/app/meta.go:24.3,25.10 2 0
github.com/sabariramc/goserverbase/v5/app/meta.go:26.25,27.34 1 0
github.com/sabariramc/goserverbase/v5/app/meta.go:28.23,28.23 0 0
github.com/sabariramc/goserverbase/v5/app/meta.go:30.3,30.17 1 0
github.com/sabariramc/goserverbase/v5/app/meta.go:30.17,33.4 2 0
github.com/sabariramc/goserverbase/v5/app/meta.go:34.3,34.90 1 0
github.com/sabariramc/goserverbase/v5/app/meta.go:36.2,37.12 2 0
github.com/sabariramc/goserverbase/v5/app/meta.go:40.68,42.2 1 0
github.com/sabariramc/goserverbase/v5/app/meta.go:44.70,48.37 4 0
github.com/sabariramc/goserverbase/v5/app/meta.go:48.37,55.13 7 0
github.com/sabariramc/goserverbase/v5/app/meta.go:55.13,58.4 2 0
github.com/sabariramc/goserverbase/v5/app/meta.go:59.3,59.10 1 0
github.com/sabariramc/goserverbase/v5/app/meta.go:60.25,61.34 1 0
github.com/sabariramc/goserverbase/v5/app/meta.go:62.17,62.17 0 0
github.com/sabariramc/goserverbase/v5/app/meta.go:64.3,64.17 1 0
github.com/sabariramc/goserverbase/v5/app/meta.go:64.17,70.4 2 0
github.com/sabariramc/goserverbase/v5/app/meta.go:70.9,75.4 1 0
github.com/sabariramc/goserverbase/v5/app/meta.go:76.3,77.90 2 0
github.com/sabariramc/goserverbase/v5/app/meta.go:79.2,80.12 2 0
github.com/sabariramc/goserverbase/v5/app/shutdown.go:12.65,17.2 4 0
github.com/sabariramc/goserverbase/v5/app/shutdown.go:19.64,21.2 1 0
github.com/sabariramc/goserverbase/v5/app/shutdown.go:23.49,26.39 3 0
github.com/sabariramc/goserverbase/v5/app/shutdown.go:26.39,31.3 4 0
github.com/sabariramc/goserverbase/v5/app/shutdown.go:32.2,33.21 2 0
github.com/sabariramc/goserverbase/v5/app/shutdown.go:36.82,37.15 1 0
github.com/sabariramc/goserverbase/v5/app/shutdown.go:37.15,38.35 1 0
github.com/sabariramc/goserverbase/v5/app/shutdown.go:38.35,40.4 1 0
github.com/sabariramc/goserverbase/v5/app/shutdown.go:42.2,43.16 2 0
github.com/sabariramc/goserverbase/v5/app/shutdown.go:43.16,46.3 2 0
github.com/sabariramc/goserverbase/v5/app/shutdown.go:47.2,47.70 1 0
github.com/sabariramc/goserverbase/v5/app/shutdown.go:50.74,53.2 2 0
github.com/sabariramc/goserverbase/v5/app/utility.go:9.107,11.2 1 0
github.com/sabariramc/goserverbase/v5/app/utility.go:13.108,15.2 1 0
github.com/sabariramc/goserverbase/v5/app/server/kafkaconsumer/bootstrap.go:14.66,24.15 10 0
github.com/sabariramc/goserverbase/v5/app/server/kafkaconsumer/bootstrap.go:24.15,25.35 1 0
github.com/sabariramc/goserverbase/v5/app/server/kafkaconsumer/bootstrap.go:25.35,30.4 4 0
github.com/sabariramc/goserverbase/v5/app/server/kafkaconsumer/bootstrap.go:32.2,37.12 6 0
github.com/sabariramc/goserverbase/v5/app/server/kafkaconsumer/bootstrap.go:37.12,40.49 3 0
github.com/sabariramc/goserverbase/v5/app/server/kafkaconsumer/bootstrap.go:40.49,42.4 1 0
github.com/sabariramc/goserverbase/v5/app/server/kafkaconsumer/bootstrap.go:44.2,46.6 3 0
github.com/sabariramc/goserverbase/v5/app/server/kafkaconsumer/bootstrap.go:46.6,47.10 1 0
github.com/sabariramc/goserverbase/v5/app/server/kafkaconsumer/bootstrap.go:48.21,49.10 1 0
github.com/sabariramc/goserverbase/v5/app/server/kafkaconsumer/bootstrap.go:50.26,51.11 1 0
github.com/sabariramc/goserverbase/v5/app/server/kafkaconsumer/bootstrap.go:51.11,54.5 2 0
github.com/sabariramc/goserverbase/v5/app/server/kafkaconsumer/bootstrap.go:55.4,57.22 3 0
github.com/sabariramc/goserverbase/v5/app/server/kafkaconsumer/bootstrap.go:57.22,59.5 1 0
github.com/sabariramc/goserverbase/v5/app/server/kafkaconsumer/bootstrap.go:60.4,64.22 5 0
github.com/sabariramc/goserverbase/v5/app/server/kafkaconsumer/context.go:11.101,14.28 3 0
github.com/sabariramc/goserverbase/v5/app/server/kafkaconsumer/context.go:14.28,16.3 1 0
github.com/sabariramc/goserverbase/v5/app/server/kafkaconsumer/context.go:17.2,17.11 1 0
github.com/sabariramc/goserverbase/v5/app/server/kafkaconsumer/context.go:20.96,24.2 3 0
github.com/sabariramc/goserverbase/v5/app/server/kafkaconsumer/context.go:26.85,32.21 6 0
github.com/sabariramc/goserverbase/v5/app/server/kafkaconsumer/context.go:32.21,42.32 10 0
github.com/sabariramc/goserverbase/v5/app/server/kafkaconsumer/context.go:42.32,43.19 1 0
github.com/sabariramc/goserverbase/v5/app/server/kafkaconsumer/context.go:43.19,45.5 1 0
github.com/sabariramc/goserverbase/v5/app/server/kafkaconsumer/context.go:48.2,48.15 1 0
github.com/sabariramc/goserverbase/v5/app/server/kafkaconsumer/handler.go:13.110,14.20 1 0
github.com/sabariramc/goserverbase/v5/app/server/kafkaconsumer/handler.go:14.20,16.3 1 0
github.com/sabariramc/goserverbase/v5/app/server/kafkaconsumer/handler.go:17.2,17.39 1 0
github.com/sabariramc/goserverbase/v5/app/server/kafkaconsumer/handler.go:17.39,19.3 1 0
github.com/sabariramc/goserverbase/v5/app/server/kafkaconsumer/handler.go:20.2,20.32 1 0
github.com/sabariramc/goserverbase/v5/app/server/kafkaconsumer/handler.go:23.114,25.15 2 0
github.com/sabariramc/goserverbase/v5/app/server/kafkaconsumer/handler.go:25.15,26.13 1 0
github.com/sabariramc/goserverbase/v5/app/server/kafkaconsumer/handler.go:26.13,28.4 1 0
github.com/sabariramc/goserverbase/v5/app/server/kafkaconsumer/handler.go:30.2,30.15 1 0
github.com/sabariramc/goserverbase/v5/app/server/kafkaconsumer/handler.go:30.15,31.35 1 0
github.com/sabariramc/goserverbase/v5/app/server/kafkaconsumer/handler.go:31.35,34.14 3 0
github.com/sabariramc/goserverbase/v5/app/server/kafkaconsumer/handler.go:34.14,37.5 2 0
github.com/sabariramc/goserverbase/v5/app/server/kafkaconsumer/handler.go:40.2,41.16 2 0
github.com/sabariramc/goserverbase/v5/app/server/kafkaconsumer/handler.go:41.16,43.13 2 0
github.com/sabariramc/goserverbase/v5/app/server/kafkaconsumer/handler.go:43.13,46.4 2 0
github.com/sabariramc/goserverbase/v5/app/server/kafkaconsumer/handler.go:47.3,47.9 1 0
github.com/sabariramc/goserverbase/v5/app/server/kafkaconsumer/handler.go:49.2,49.12 1 0
github.com/sabariramc/goserverbase/v5/app/server/kafkaconsumer/handler.go:49.12,51.3 1 0
github.com/sabariramc/goserverbase/v5/app/server/kafkaconsumer/handler.go:54.65,56.2 1 0
github.com/sabariramc/goserverbase/v5/app/server/kafkaconsumer/handler.go:58.91,60.2 1 0
github.com/sabariramc/goserverbase/v5/app/server/kafkaconsumer/handler.go:62.62,64.27 2 0
github.com/sabariramc/goserverbase/v5/app/server/kafkaconsumer/handler.go:64.27,66.3 1 0
github.com/sabariramc/goserverbase/v5/app/server/kafkaconsumer/handler.go:67.2,70.16 4 0
github.com/sabariramc/goserverbase/v5/app/server/kafkaconsumer/handler.go:70.16,75.3 1 0
github.com/sabariramc/goserverbase/v5/app/server/kafkaconsumer/handler.go:76.2,76.19 1 0
github.com/sabariramc/goserverbase/v5/app/server/kafkaconsumer/handler.go:79.89,80.21 1 0
github.com/sabariramc/goserverbase/v5/app/server/kafkaconsumer/handler.go:80.21,82.3 1 0
github.com/sabariramc/goserverbase/v5/app/server/kafkaconsumer/handler.go:83.2,83.19 1 0
github.com/sabariramc/goserverbase/v5/app/server/kafkaconsumer/health_check.go:9.71,10.12 1 0
github.com/sabariramc/goserverbase/v5/app/server/kafkaconsumer/health_check.go:10.12,13.7 3 0
github.com/sabariramc/goserverbase/v5/app/server/kafkaconsumer/health_check.go:13.7,14.11 1 0
github.com/sabariramc/goserverbase/v5/app/server/kafkaconsumer/health_check.go:15.22,16.11 1 0
github.com/sabariramc/goserverbase/v5/app/server/kafkaconsumer/health_check.go:17.33,19.19 2 0
github.com/sabariramc/goserverbase/v5/app/server/kafkaconsumer/health_check.go:19.19,21.26 2 0
github.com/sabariramc/goserverbase/v5/app/server/kafkaconsumer/health_check.go:21.26,23.7 1 0
github.com/sabariramc/goserverbase/v5/app/server/kafkaconsumer/health_check.go:24.6,24.59 1 0
github.com/sabariramc/goserverbase/v5/app/server/kafkaconsumer/health_check.go:26.5,26.98 1 0
github.com/sabariramc/goserverbase/v5/app/server/kafkaconsumer/health_check.go:32.70,35.2 2 0
github.com/sabariramc/goserverbase/v5/app/server/kafkaconsumer/server.go:36.130,37.37 1 0
github.com/sabariramc/goserverbase/v5/app/server/kafkaconsumer/server.go:37.37,39.3 1 0
github.com/sabariramc/goserverbase/v5/app/server/kafkaconsumer/server.go:40.2,40.36 1 0
github.com/sabariramc/goserverbase/v5/app/server/kafkaconsumer/server.go:40.36,42.3 1 0
github.com/sabariramc/goserverbase/v5/app/server/kafkaconsumer/server.go:43.2,53.10 5 0
github.com/sabariramc/goserverbase/v5/app/server/kafkaconsumer/server.go:56.64,58.2 1 0
github.com/sabariramc/goserverbase/v5/app/server/kafkaconsumer/shutdown.go:5.67,12.2 6 0
github.com/sabariramc/goserverbase/v5/crypto/padding/pkcs7.go:9.37,11.2 1 0
github.com/sabariramc/goserverbase/v5/crypto/padding/pkcs7.go:13.52,17.2 3 0
github.com/sabariramc/goserverbase/v5/crypto/padding/pkcs7.go:19.46,23.2 3 0
github.com/sabariramc/goserverbase/v5/db/mongo/basemodel.go:16.61,22.2 5 1
github.com/sabariramc/goserverbase/v5/db/mongo/basemodel.go:24.61,28.2 3 0
github.com/sabariramc/goserverbase/v5/db/mongo/basemodel.go:35.58,36.32 1 1
github.com/sabariramc/goserverbase/v5/db/mongo/basemodel.go:36.32,38.3 1 1
github.com/sabariramc/goserverbase/v5/db/mongo/basemodel.go:39.2,39.46 1 1
github.com/sabariramc/goserverbase/v5/db/mongo/basemodel.go:42.58,43.32 1 0
github.com/sabariramc/goserverbase/v5/db/mongo/basemodel.go:43.32,45.3 1 0
github.com/sabariramc/goserverbase/v5/db/mongo/basemodel.go:46.2,46.46 1 0
github.com/sabariramc/goserverbase/v5/db/mongo/client.go:30.130,35.2 2 0
github.com/sabariramc/goserverbase/v5/db/mongo/client.go:37.115,49.14 12 1
github.com/sabariramc/goserverbase/v5/db/mongo/client.go:49.14,51.3 1 0
github.com/sabariramc/goserverbase/v5/db/mongo/client.go:52.2,52.17 1 1
github.com/sabariramc/goserverbase/v5/db/mongo/client.go:52.17,64.3 3 0
github.com/sabariramc/goserverbase/v5/db/mongo/client.go:65.2,67.16 3 1
github.com/sabariramc/goserverbase/v5/db/mongo/client.go:67.16,70.3 2 0
github.com/sabariramc/goserverbase/v5/db/mongo/client.go:71.2,72.16 2 1
github.com/sabariramc/goserverbase/v5/db/mongo/client.go:72.16,75.3 2 0
github.com/sabariramc/goserverbase/v5/db/mongo/client.go:76.2,76.16 1 1
github.com/sabariramc/goserverbase/v5/db/mongo/client.go:76.16,78.3 1 0
github.com/sabariramc/goserverbase/v5/db/mongo/client.go:79.2,79.18 1 1
github.com/sabariramc/goserverbase/v5/db/mongo/client.go:79.18,81.3 1 1
github.com/sabariramc/goserverbase/v5/db/mongo/client.go:82.2,82.96 1 1
github.com/sabariramc/goserverbase/v5/db/mongo/client.go:85.43,87.2 1 0
github.com/sabariramc/goserverbase/v5/db/mongo/client.go:88.37,90.2 1 0
github.com/sabariramc/goserverbase/v5/db/mongo/client.go:92.83,95.2 2 1
github.com/sabariramc/goserverbase/v5/db/mongo/client.go:97.53,100.16 3 0
github.com/sabariramc/goserverbase/v5/db/mongo/client.go:100.16,102.3 1 0
github.com/sabariramc/goserverbase/v5/db/mongo/client.go:103.2,104.12 2 0
github.com/sabariramc/goserverbase/v5/db/mongo/client.go:107.50,109.2 1 0
github.com/sabariramc/goserverbase/v5/db/mongo/client.go:111.56,113.2 1 0
github.com/sabariramc/goserverbase/v5/db/mongo/client.go:120.85,121.40 1 0
github.com/sabariramc/goserverbase/v5/db/mongo/client.go:121.40,123.3 1 0
github.com/sabariramc/goserverbase/v5/db/mongo/client.go:123.8,125.3 1 0
github.com/sabariramc/goserverbase/v5/db/mongo/client.go:128.86,130.2 1 0
github.com/sabariramc/goserverbase/v5/db/mongo/client.go:132.53,134.2 1 0
github.com/sabariramc/goserverbase/v5/db/mongo/collection.go:27.13,28.156 1 1
github.com/sabariramc/goserverbase/v5/db/mongo/collection.go:28.156,30.10 2 1
github.com/sabariramc/goserverbase/v5/db/mongo/collection.go:30.10,32.4 1 0
github.com/sabariramc/goserverbase/v5/db/mongo/collection.go:33.3,34.17 2 1
github.com/sabariramc/goserverbase/v5/db/mongo/collection.go:34.17,36.4 1 0
github.com/sabariramc/goserverbase/v5/db/mongo/collection.go:37.3,38.17 2 1
github.com/sabariramc/goserverbase/v5/db/mongo/collection.go:38.17,40.4 1 0
github.com/sabariramc/goserverbase/v5/db/mongo/collection.go:41.3,41.13 1 1
github.com/sabariramc/goserverbase/v5/db/mongo/collection.go:43.2,43.154 1 1
github.com/sabariramc/goserverbase/v5/db/mongo/collection.go:43.154,45.17 2 1
github.com/sabariramc/goserverbase/v5/db/mongo/collection.go:45.17,47.4 1 0
github.com/sabariramc/goserverbase/v5/db/mongo/collection.go:48.3,49.17 2 1
github.com/sabariramc/goserverbase/v5/db/mongo/collection.go:49.17,51.4 1 0
github.com/sabariramc/goserverbase/v5/db/mongo/collection.go:52.3,53.13 2 1
github.com/sabariramc/goserverbase/v5/db/mongo/collection.go:57.50,59.2 1 1
github.com/sabariramc/goserverbase/v5/db/mongo/database.go:17.92,21.2 3 1
github.com/sabariramc/goserverbase/v5/kafka/api/reader.go:29.110,38.2 1 0
github.com/sabariramc/goserverbase/v5/kafka/api/reader.go:40.52,43.16 3 0
github.com/sabariramc/goserverbase/v5/kafka/api/reader.go:43.16,45.3 1 0
github.com/sabariramc/goserverbase/v5/kafka/api/reader.go:46.2,46.17 1 0
github.com/sabariramc/goserverbase/v5/kafka/api/reader.go:46.17,50.3 3 0
github.com/sabariramc/goserverbase/v5/kafka/api/reader.go:51.2,54.16 4 0
github.com/sabariramc/goserverbase/v5/kafka/api/reader.go:54.16,57.3 2 0
github.com/sabariramc/goserverbase/v5/kafka/api/reader.go:58.2,59.12 2 0
github.com/sabariramc/goserverbase/v5/kafka/api/reader.go:62.78,63.27 1 0
github.com/sabariramc/goserverbase/v5/kafka/api/reader.go:63.27,65.3 1 0
github.com/sabariramc/goserverbase/v5/kafka/api/reader.go:66.2,70.12 5 0
github.com/sabariramc/goserverbase/v5/kafka/api/reader.go:73.51,75.16 2 0
github.com/sabariramc/goserverbase/v5/kafka/api/reader.go:75.16,78.3 2 0
github.com/sabariramc/goserverbase/v5/kafka/api/reader.go:79.2,79.12 1 0
github.com/sabariramc/goserverbase/v5/kafka/api/writer.go:32.108,33.13 1 0
github.com/sabariramc/goserverbase/v5/kafka/api/writer.go:33.13,35.3 1 0
github.com/sabariramc/goserverbase/v5/kafka/api/writer.go:36.2,43.3 1 0
github.com/sabariramc/goserverbase/v5/kafka/api/writer.go:46.70,47.17 1 0
github.com/sabariramc/goserverbase/v5/kafka/api/writer.go:47.17,55.3 7 0
github.com/sabariramc/goserverbase/v5/kafka/api/writer.go:56.2,56.13 1 0
github.com/sabariramc/goserverbase/v5/kafka/api/writer.go:56.13,58.3 1 0
github.com/sabariramc/goserverbase/v5/kafka/api/writer.go:59.2,61.26 3 0
github.com/sabariramc/goserverbase/v5/kafka/api/writer.go:61.26,63.3 1 0
github.com/sabariramc/goserverbase/v5/kafka/api/writer.go:64.2,66.12 3 0
github.com/sabariramc/goserverbase/v5/kafka/api/writer.go:69.51,72.16 3 0
github.com/sabariramc/goserverbase/v5/kafka/api/writer.go:72.16,74.3 1 0
github.com/sabariramc/goserverbase/v5/kafka/api/writer.go:75.2,75.17 1 0
github.com/sabariramc/goserverbase/v5/kafka/api/writer.go:75.17,79.3 3 0
github.com/sabariramc/goserverbase/v5/kafka/api/writer.go:80.2,83.16 4 0
github.com/sabariramc/goserverbase/v5/kafka/api/writer.go:83.16,86.3 2 0
github.com/sabariramc/goserverbase/v5/kafka/api/writer.go:87.2,87.12 1 0
github.com/sabariramc/goserverbase/v5/kafka/api/writer.go:90.51,91.20 1 0
github.com/sabariramc/goserverbase/v5/kafka/api/writer.go:91.20,93.3 1 0
github.com/sabariramc/goserverbase/v5/kafka/api/writer.go:94.2,96.16 3 0
github.com/sabariramc/goserverbase/v5/kafka/api/writer.go:96.16,99.3 2 0
github.com/sabariramc/goserverbase/v5/kafka/api/writer.go:100.2,100.12 1 0
github.com/sabariramc/goserverbase/v5/db/mongo/csfle/test/server.go:27.13,34.2 6 0
github.com/sabariramc/goserverbase/v5/db/mongo/csfle/test/server.go:36.46,39.2 2 0
github.com/sabariramc/goserverbase/v5/db/mongo/csfle/test/server.go:53.63,59.2 5 0
github.com/sabariramc/goserverbase/v5/db/mongo/csfle/test/server.go:61.38,68.2 6 0
github.com/sabariramc/goserverbase/v5/db/mongo/csfle/test/server.go:70.51,72.2 1 0
github.com/sabariramc/goserverbase/v5/db/mongo/csfle/test/server.go:74.54,76.2 1 0
github.com/sabariramc/goserverbase/v5/db/mongo/csfle/test/server.go:78.50,83.16 5 0
github.com/sabariramc/goserverbase/v5/db/mongo/csfle/test/server.go:83.16,85.3 1 0
github.com/sabariramc/goserverbase/v5/db/mongo/csfle/test/server.go:86.2,87.16 2 0
github.com/sabariramc/goserverbase/v5/db/mongo/csfle/test/server.go:87.16,89.3 1 0
github.com/sabariramc/goserverbase/v5/db/mongo/csfle/test/server.go:90.2,94.16 5 0
github.com/sabariramc/goserverbase/v5/db/mongo/csfle/test/server.go:94.16,96.3 1 0
github.com/sabariramc/goserverbase/v5/db/mongo/csfle/test/server.go:97.2,99.16 3 0
github.com/sabariramc/goserverbase/v5/db/mongo/csfle/test/server.go:99.16,101.3 1 0
github.com/sabariramc/goserverbase/v5/db/mongo/csfle/test/server.go:102.2,103.16 2 0
github.com/sabariramc/goserverbase/v5/db/mongo/csfle/test/server.go:103.16,105.3 1 0
github.com/sabariramc/goserverbase/v5/db/mongo/csfle/test/server.go:106.2,109.16 4 0
github.com/sabariramc/goserverbase/v5/db/mongo/csfle/test/server.go:109.16,111.3 1 0
github.com/sabariramc/goserverbase/v5/db/mongo/csfle/test/server.go:112.2,122.12 6 0
github.com/sabariramc/goserverbase/v5/db/mongo/csfle/test/http/main.go:7.13,10.2 2 0
github.com/sabariramc/goserverbase/v5/db/mongo/csfle/test/http/otel/main.go:10.13,12.16 2 0
github.com/sabariramc/goserverbase/v5/db/mongo/csfle/test/http/otel/main.go:12.16,14.3 1 0
github.com/sabariramc/goserverbase/v5/db/mongo/csfle/test/http/otel/main.go:15.2,17.17 3 0
github.com/sabariramc/goserverbase/v5/db/mongo/csfle/test/http/ddtrace/main.go:10.13,12.16 2 0
github.com/sabariramc/goserverbase/v5/db/mongo/csfle/test/http/ddtrace/main.go:12.16,14.3 1 0
github.com/sabariramc/goserverbase/v5/db/mongo/csfle/test/http/ddtrace/main.go:15.2,17.17 3 0
github.com/sabariramc/goserverbase/v5/app/app.go:22.90,34.2 7 0
github.com/sabariramc/goserverbase/v5/app/app.go:36.44,38.2 1 0
github.com/sabariramc/goserverbase/v5/app/app.go:40.39,42.2 1 0
github.com/sabariramc/goserverbase/v5/app/app.go:44.72,46.2 1 0
github.com/sabariramc/goserverbase/v5/app/app.go:48.45,50.2 1 0
github.com/sabariramc/goserverbase/v5/app/app.go:52.54,54.2 1 0
github.com/sabariramc/goserverbase/v5/app/errorhandler.go:13.79,16.9 3 0
github.com/sabariramc/goserverbase/v5/app/errorhandler.go:16.9,19.3 2 0
github.com/sabariramc/goserverbase/v5/app/errorhandler.go:19.8,21.3 1 0
github.com/sabariramc/goserverbase/v5/app/errorhandler.go:22.2,22.24 1 0
github.com/sabariramc/goserverbase/v5/app/errorhandler.go:25.97,35.25 10 0
github.com/sabariramc/goserverbase/v5/app/errorhandler.go:35.25,41.3 5 0
github.com/sabariramc/goserverbase/v5/app/errorhandler.go:41.8,41.36 1 0
github.com/sabariramc/goserverbase/v5/app/errorhandler.go:41.36,47.3 5 0
github.com/sabariramc/goserverbase/v5/app/errorhandler.go:47.8,52.3 4 0
github.com/sabariramc/goserverbase/v5/app/errorhandler.go:53.2,53.21 1 0
github.com/sabariramc/goserverbase/v5/app/errorhandler.go:53.21,55.3 1 0
github.com/sabariramc/goserverbase/v5/app/errorhandler.go:56.2,57.22 2 0
github.com/sabariramc/goserverbase/v5/app/errorhandler.go:57.22,59.3 1 0
github.com/sabariramc/goserverbase/v5/app/errorhandler.go:60.2,60.33 1 0
github.com/sabariramc/goserverbase/v5/app/errorhandler.go:60.33,61.24 1 0
github.com/sabariramc/goserverbase/v5/app/errorhandler.go:61.24,63.4 1 0
github.com/sabariramc/goserverbase/v5/app/errorhandler.go:63.9,65.4 1 0
github.com/sabariramc/goserverbase/v5/app/errorhandler.go:67.2,67.25 1 0
github.com/sabariramc/goserverbase/v5/app/hooks.go:20.43,21.45 1 0
github.com/sabariramc/goserverbase/v5/app/hooks.go:21.45,23.3 1 0
github.com/sabariramc/goserverbase/v5/app/hooks.go:24.2,24.42 1 0
github.com/sabariramc/goserverbase/v5/app/hooks.go:24.42,26.3 1 0
github.com/sabariramc/goserverbase/v5/app/hooks.go:27.2,27.45 1 0
github.com/sabariramc/goserverbase/v5/app/hooks.go:27.45,29.3 1 0
github.com/sabariramc/goserverbase/v5/app/meta.go:9.68,11.2 1 0
github.com/sabariramc/goserverbase/v5/app/meta.go:13.61,16.37 3 0
github.com/sabariramc/goserverbase/v5/app/meta.go:16.37,21.13 5 0
github.com/sabariramc/goserverbase/v5/app/meta.go:21.13,23.4 1 0
github.com/sabariramc/goserverbase/v5/app/meta.go:24.3,25.10 2 0
github.com/sabariramc/goserverbase/v5/app/meta.go:26.25,27.34 1 0
github.com/sabariramc/goserverbase/v5/app/meta.go:28.23,28.23 0 0
github.com/sabariramc/goserverbase/v5/app/meta.go:30.3,30.17 1 0
github.com/sabariramc/goserverbase/v5/app/meta.go:30.17,33.4 2 0
github.com/sabariramc/goserverbase/v5/app/meta.go:34.3,34.90 1 0
github.com/sabariramc/goserverbase/v5/app/meta.go:36.2,37.12 2 0
github.com/sabariramc/goserverbase/v5/app/meta.go:40.68,42.2 1 0
github.com/sabariramc/goserverbase/v5/app/meta.go:44.70,48.37 4 0
github.com/sabariramc/goserverbase/v5/app/meta.go:48.37,55.13 7 0
github.com/sabariramc/goserverbase/v5/app/meta.go:55.13,58.4 2 0
github.com/sabariramc/goserverbase/v5/app/meta.go:59.3,59.10 1 0
github.com/sabariramc/goserverbase/v5/app/meta.go:60.25,61.34 1 0
github.com/sabariramc/goserverbase/v5/app/meta.go:62.17,62.17 0 0
github.com/sabariramc/goserverbase/v5/app/meta.go:64.3,64.17 1 0
github.com/sabariramc/goserverbase/v5/app/meta.go:64.17,70.4 2 0
github.com/sabariramc/goserverbase/v5/app/meta.go:70.9,75.4 1 0
github.com/sabariramc/goserverbase/v5/app/meta.go:76.3,77.90 2 0
github.com/sabariramc/goserverbase/v5/app/meta.go:79.2,80.12 2 0
github.com/sabariramc/goserverbase/v5/app/shutdown.go:12.65,17.2 4 0
github.com/sabariramc/goserverbase/v5/app/shutdown.go:19.64,21.2 1 0
github.com/sabariramc/goserverbase/v5/app/shutdown.go:23.49,26.39 3 0
github.com/sabariramc/goserverbase/v5/app/shutdown.go:26.39,31.3 4 0
github.com/sabariramc/goserverbase/v5/app/shutdown.go:32.2,33.21 2 0
github.com/sabariramc/goserverbase/v5/app/shutdown.go:36.82,37.15 1 0
github.com/sabariramc/goserverbase/v5/app/shutdown.go:37.15,38.35 1 0
github.com/sabariramc/goserverbase/v5/app/shutdown.go:38.35,40.4 1 0
github.com/sabariramc/goserverbase/v5/app/shutdown.go:42.2,43.16 2 0
github.com/sabariramc/goserverbase/v5/app/shutdown.go:43.16,46.3 2 0
github.com/sabariramc/goserverbase/v5/app/shutdown.go:47.2,47.70 1 0
github.com/sabariramc/goserverbase/v5/app/shutdown.go:50.74,53.2 2 0
github.com/sabariramc/goserverbase/v5/app/utility.go:9.107,11.2 1 0
github.com/sabariramc/goserverbase/v5/app/utility.go:13.108,15.2 1 0
github.com/sabariramc/goserverbase/v5/app/server/kafkaconsumer/bootstrap.go:14.66,24.15 10 0
github.com/sabariramc/goserverbase/v5/app/server/kafkaconsumer/bootstrap.go:24.15,25.35 1 0
github.com/sabariramc/goserverbase/v5/app/server/kafkaconsumer/bootstrap.go:25.35,30.4 4 0
github.com/sabariramc/goserverbase/v5/app/server/kafkaconsumer/bootstrap.go:32.2,37.12 6 0
github.com/sabariramc/goserverbase/v5/app/server/kafkaconsumer/bootstrap.go:37.12,40.49 3 0
github.com/sabariramc/goserverbase/v5/app/server/kafkaconsumer/bootstrap.go:40.49,42.4 1 0
github.com/sabariramc/goserverbase/v5/app/server/kafkaconsumer/bootstrap.go:44.2,46.6 3 0
github.com/sabariramc/goserverbase/v5/app/server/kafkaconsumer/bootstrap.go:46.6,47.10 1 0
github.com/sabariramc/goserverbase/v5/app/server/kafkaconsumer/bootstrap.go:48.21,49.10 1 0
github.com/sabariramc/goserverbase/v5/app/server/kafkaconsumer/bootstrap.go:50.26,51.11 1 0
github.com/sabariramc/goserverbase/v5/app/server/kafkaconsumer/bootstrap.go:51.11,54.5 2 0
github.com/sabariramc/goserverbase/v5/app/server/kafkaconsumer/bootstrap.go:55.4,57.22 3 0
github.com/sabariramc/goserverbase/v5/app/server/kafkaconsumer/bootstrap.go:57.22,59.5 1 0
github.com/sabariramc/goserverbase/v5/app/server/kafkaconsumer/bootstrap.go:60.4,64.22 5 0
github.com/sabariramc/goserverbase/v5/app/server/kafkaconsumer/context.go:11.101,14.28 3 0
github.com/sabariramc/goserverbase/v5/app/server/kafkaconsumer/context.go:14.28,16.3 1 0
github.com/sabariramc/goserverbase/v5/app/server/kafkaconsumer/context.go:17.2,17.11 1 0
github.com/sabariramc/goserverbase/v5/app/server/kafkaconsumer/context.go:20.96,24.2 3 0
github.com/sabariramc/goserverbase/v5/app/server/kafkaconsumer/context.go:26.85,32.21 6 0
github.com/sabariramc/goserverbase/v5/app/server/kafkaconsumer/context.go:32.21,42.32 10 0
github.com/sabariramc/goserverbase/v5/app/server/kafkaconsumer/context.go:42.32,43.19 1 0
github.com/sabariramc/goserverbase/v5/app/server/kafkaconsumer/context.go:43.19,45.5 1 0
github.com/sabariramc/goserverbase/v5/app/server/kafkaconsumer/context.go:48.2,48.15 1 0
github.com/sabariramc/goserverbase/v5/app/server/kafkaconsumer/handler.go:13.110,14.20 1 0
github.com/sabariramc/goserverbase/v5/app/server/kafkaconsumer/handler.go:14.20,16.3 1 0
github.com/sabariramc/goserverbase/v5/app/server/kafkaconsumer/handler.go:17.2,17.39 1 0
github.com/sabariramc/goserverbase/v5/app/server/kafkaconsumer/handler.go:17.39,19.3 1 0
github.com/sabariramc/goserverbase/v5/app/server/kafkaconsumer/handler.go:20.2,20.32 1 0
github.com/sabariramc/goserverbase/v5/app/server/kafkaconsumer/handler.go:23.114,25.15 2 0
github.com/sabariramc/goserverbase/v5/app/server/kafkaconsumer/handler.go:25.15,26.13 1 0
github.com/sabariramc/goserverbase/v5/app/server/kafkaconsumer/handler.go:26.13,28.4 1 0
github.com/sabariramc/goserverbase/v5/app/server/kafkaconsumer/handler.go:30.2,30.15 1 0
github.com/sabariramc/goserverbase/v5/app/server/kafkaconsumer/handler.go:30.15,31.35 1 0
github.com/sabariramc/goserverbase/v5/app/server/kafkaconsumer/handler.go:31.35,34.14 3 0
github.com/sabariramc/goserverbase/v5/app/server/kafkaconsumer/handler.go:34.14,37.5 2 0
github.com/sabariramc/goserverbase/v5/app/server/kafkaconsumer/handler.go:40.2,41.16 2 0
github.com/sabariramc/goserverbase/v5/app/server/kafkaconsumer/handler.go:41.16,43.13 2 0
github.com/sabariramc/goserverbase/v5/app/server/kafkaconsumer/handler.go:43.13,46.4 2 0
github.com/sabariramc/goserverbase/v5/app/server/kafkaconsumer/handler.go:47.3,47.9 1 0
github.com/sabariramc/goserverbase/v5/app/server/kafkaconsumer/handler.go:49.2,49.12 1 0
github.com/sabariramc/goserverbase/v5/app/server/kafkaconsumer/handler.go:49.12,51.3 1 0
github.com/sabariramc/goserverbase/v5/app/server/kafkaconsumer/handler.go:54.65,56.2 1 0
github.com/sabariramc/goserverbase/v5/app/server/kafkaconsumer/handler.go:58.91,60.2 1 0
github.com/sabariramc/goserverbase/v5/app/server/kafkaconsumer/handler.go:62.62,64.27 2 0
github.com/sabariramc/goserverbase/v5/app/server/kafkaconsumer/handler.go:64.27,66.3 1 0
github.com/sabariramc/goserverbase/v5/app/server/kafkaconsumer/handler.go:67.2,70.16 4 0
github.com/sabariramc/goserverbase/v5/app/server/kafkaconsumer/handler.go:70.16,75.3 1 0
github.com/sabariramc/goserverbase/v5/app/server/kafkaconsumer/handler.go:76.2,76.19 1 0
github.com/sabariramc/goserverbase/v5/app/server/kafkaconsumer/handler.go:79.89,80.21 1 0
github.com/sabariramc/goserverbase/v5/app/server/kafkaconsumer/handler.go:80.21,82.3 1 0
github.com/sabariramc/goserverbase/v5/app/server/kafkaconsumer/handler.go:83.2,83.19 1 0
github.com/sabariramc/goserverbase/v5/app/server/kafkaconsumer/health_check.go:9.71,10.12 1 0
github.com/sabariramc/goserverbase/v5/app/server/kafkaconsumer/health_check.go:10.12,13.7 3 0
github.com/sabariramc/goserverbase/v5/app/server/kafkaconsumer/health_check.go:13.7,14.11 1 0
github.com/sabariramc/goserverbase/v5/app/server/kafkaconsumer/health_check.go:15.22,16.11 1 0
github.com/sabariramc/goserverbase/v5/app/server/kafkaconsumer/health_check.go:17.33,19.19 2 0
github.com/sabariramc/goserverbase/v5/app/server/kafkaconsumer/health_check.go:19.19,21.26 2 0
github.com/sabariramc/goserverbase/v5/app/server/kafkaconsumer/health_check.go:21.26,23.7 1 0
github.com/sabariramc/goserverbase/v5/app/server/kafkaconsumer/health_check.go:24.6,24.59 1 0
github.com/sabariramc/goserverbase/v5/app/server/kafkaconsumer/health_check.go:26.5,26.98 1 0
github.com/sabariramc/goserverbase/v5/app/server/kafkaconsumer/health_check.go:32.70,35.2 2 0
github.com/sabariramc/goserverbase/v5/app/server/kafkaconsumer/server.go:36.130,37.37 1 0
github.com/sabariramc/goserverbase/v5/app/server/kafkaconsumer/server.go:37.37,39.3 1 0
github.com/sabariramc/goserverbase/v5/app/server/kafkaconsumer/server.go:40.2,40.36 1 0
github.com/sabariramc/goserverbase/v5/app/server/kafkaconsumer/server.go:40.36,42.3 1 0
github.com/sabariramc/goserverbase/v5/app/server/kafkaconsumer/server.go:43.2,53.10 5 0
github.com/sabariramc/goserverbase/v5/app/server/kafkaconsumer/server.go:56.64,58.2 1 0
github.com/sabariramc/goserverbase/v5/app/server/kafkaconsumer/shutdown.go:5.67,12.2 6 0
github.com/sabariramc/goserverbase/v5/aws/aws.go:13.62,14.14 1 1
github.com/sabariramc/goserverbase/v5/aws/aws.go:14.14,16.3 1 0
github.com/sabariramc/goserverbase/v5/aws/aws.go:17.2,17.35 1 1
github.com/sabariramc/goserverbase/v5/aws/aws.go:20.40,22.2 1 1
github.com/sabariramc/goserverbase/v5/aws/kms.go:21.63,24.2 2 1
github.com/sabariramc/goserverbase/v5/aws/kms.go:26.62,27.29 1 1
github.com/sabariramc/goserverbase/v5/aws/kms.go:27.29,29.3 1 1
github.com/sabariramc/goserverbase/v5/aws/kms.go:30.2,30.55 1 1
github.com/sabariramc/goserverbase/v5/aws/kms.go:33.75,35.2 1 1
github.com/sabariramc/goserverbase/v5/aws/kms.go:37.93,43.16 3 1
github.com/sabariramc/goserverbase/v5/aws/kms.go:43.16,47.3 3 0
github.com/sabariramc/goserverbase/v5/aws/kms.go:48.2,49.8 2 1
github.com/sabariramc/goserverbase/v5/aws/kms.go:52.93,58.16 3 1
github.com/sabariramc/goserverbase/v5/aws/kms.go:58.16,62.3 3 0
github.com/sabariramc/goserverbase/v5/aws/kms.go:63.2,64.8 2 1
github.com/sabariramc/goserverbase/v5/aws/s3.go:26.61,28.2 1 0
github.com/sabariramc/goserverbase/v5/aws/s3.go:30.45,31.28 1 0
github.com/sabariramc/goserverbase/v5/aws/s3.go:31.28,33.3 1 0
github.com/sabariramc/goserverbase/v5/aws/s3.go:34.2,34.45 1 0
github.com/sabariramc/goserverbase/v5/aws/s3.go:37.57,39.2 1 1
github.com/sabariramc/goserverbase/v5/aws/s3.go:41.159,44.16 3 1
github.com/sabariramc/goserverbase/v5/aws/s3.go:44.16,47.3 2 0
github.com/sabariramc/goserverbase/v5/aws/s3.go:48.2,48.17 1 1
github.com/sabariramc/goserverbase/v5/aws/s3.go:51.110,53.16 2 1
github.com/sabariramc/goserverbase/v5/aws/s3.go:53.16,56.3 2 0
github.com/sabariramc/goserverbase/v5/aws/s3.go:57.2,59.16 3 1
github.com/sabariramc/goserverbase/v5/aws/s3.go:59.16,61.3 1 0
github.com/sabariramc/goserverbase/v5/aws/s3.go:62.2,63.66 2 1
github.com/sabariramc/goserverbase/v5/aws/s3.go:66.98,69.16 3 1
github.com/sabariramc/goserverbase/v5/aws/s3.go:69.16,72.3 2 0
github.com/sabariramc/goserverbase/v5/aws/s3.go:73.2,73.17 1 1
github.com/sabariramc/goserverbase/v5/aws/s3.go:76.88,78.16 2 1
github.com/sabariramc/goserverbase/v5/aws/s3.go:78.16,80.3 1 0
github.com/sabariramc/goserverbase/v5/aws/s3.go:81.2,82.16 2 1
github.com/sabariramc/goserverbase/v5/aws/s3.go:82.16,85.3 2 0
github.com/sabariramc/goserverbase/v5/aws/s3.go:86.2,87.16 2 1
github.com/sabariramc/goserverbase/v5/aws/s3.go:87.16,90.3 2 0
github.com/sabariramc/goserverbase/v5/aws/s3.go:91.2,93.16 3 1
github.com/sabariramc/goserverbase/v5/aws/s3.go:93.16,96.3 2 0
github.com/sabariramc/goserverbase/v5/aws/s3.go:97.2,97.20 1 1
github.com/sabariramc/goserverbase/v5/aws/s3.go:97.20,100.3 2 0
github.com/sabariramc/goserverbase/v5/aws/s3.go:101.2,101.12 1 1
github.com/sabariramc/goserverbase/v5/aws/s3.go:104.137,108.35 1 1
github.com/sabariramc/goserverbase/v5/aws/s3.go:108.35,110.3 1 1
github.com/sabariramc/goserverbase/v5/aws/s3.go:111.2,111.16 1 1
github.com/sabariramc/goserverbase/v5/aws/s3.go:111.16,114.3 2 0
github.com/sabariramc/goserverbase/v5/aws/s3.go:115.2,115.21 1 1
github.com/sabariramc/goserverbase/v5/aws/s3.go:118.137,122.35 1 1
github.com/sabariramc/goserverbase/v5/aws/s3.go:122.35,124.3 1 1
github.com/sabariramc/goserverbase/v5/aws/s3.go:125.2,125.16 1 1
github.com/sabariramc/goserverbase/v5/aws/s3.go:125.16,128.3 2 0
github.com/sabariramc/goserverbase/v5/aws/s3.go:129.2,129.21 1 1
github.com/sabariramc/goserverbase/v5/aws/s3crypto.go:44.72,46.2 1 0
github.com/sabariramc/goserverbase/v5/aws/s3crypto.go:48.74,50.2 1 1
github.com/sabariramc/goserverbase/v5/aws/s3crypto.go:52.103,55.16 3 1
github.com/sabariramc/goserverbase/v5/aws/s3crypto.go:55.16,58.3 2 0
github.com/sabariramc/goserverbase/v5/aws/s3crypto.go:59.2,60.16 2 1
github.com/sabariramc/goserverbase/v5/aws/s3crypto.go:60.16,63.3 2 0
github.com/sabariramc/goserverbase/v5/aws/s3crypto.go:64.2,65.16 2 1
github.com/sabariramc/goserverbase/v5/aws/s3crypto.go:65.16,68.3 2 0
github.com/sabariramc/goserverbase/v5/aws/s3crypto.go:69.2,70.16 2 1
github.com/sabariramc/goserverbase/v5/aws/s3crypto.go:70.16,73.3 2 0
github.com/sabariramc/goserverbase/v5/aws/s3crypto.go:74.2,78.8 1 1
github.com/sabariramc/goserverbase/v5/aws/s3crypto.go:81.114,83.16 2 1
github.com/sabariramc/goserverbase/v5/aws/s3crypto.go:83.16,86.3 2 0
github.com/sabariramc/goserverbase/v5/aws/s3crypto.go:87.2,88.16 2 1
github.com/sabariramc/goserverbase/v5/aws/s3crypto.go:88.16,91.3 2 0
github.com/sabariramc/goserverbase/v5/aws/s3crypto.go:92.2,92.12 1 1
github.com/sabariramc/goserverbase/v5/aws/s3crypto.go:95.93,97.16 2 1
github.com/sabariramc/goserverbase/v5/aws/s3crypto.go:97.16,100.3 2 0
github.com/sabariramc/goserverbase/v5/aws/s3crypto.go:101.2,102.16 2 1
github.com/sabariramc/goserverbase/v5/aws/s3crypto.go:102.16,104.3 1 0
github.com/sabariramc/goserverbase/v5/aws/s3crypto.go:105.2,107.61 3 1
github.com/sabariramc/goserverbase/v5/aws/s3crypto.go:110.90,111.111 1 1
github.com/sabariramc/goserverbase/v5/aws/s3crypto.go:111.111,112.38 1 1
github.com/sabariramc/goserverbase/v5/aws/s3crypto.go:112.38,115.4 2 0
github.com/sabariramc/goserverbase/v5/aws/s3crypto.go:117.2,117.80 1 1
github.com/sabariramc/goserverbase/v5/aws/s3crypto.go:117.80,120.3 2 0
github.com/sabariramc/goserverbase/v5/aws/s3crypto.go:121.2,122.16 2 1
github.com/sabariramc/goserverbase/v5/aws/s3crypto.go:122.16,125.3 2 0
github.com/sabariramc/goserverbase/v5/aws/s3crypto.go:126.2,128.16 3 1
github.com/sabariramc/goserverbase/v5/aws/s3crypto.go:128.16,131.3 2 0
github.com/sabariramc/goserverbase/v5/aws/s3crypto.go:132.2,133.16 2 1
github.com/sabariramc/goserverbase/v5/aws/s3crypto.go:133.16,136.3 2 0
github.com/sabariramc/goserverbase/v5/aws/s3crypto.go:137.2,138.16 2 1
github.com/sabariramc/goserverbase/v5/aws/s3crypto.go:138.16,141.3 2 0
github.com/sabariramc/goserverbase/v5/aws/s3crypto.go:142.2,143.16 2 1
github.com/sabariramc/goserverbase/v5/aws/s3crypto.go:143.16,146.3 2 0
github.com/sabariramc/goserverbase/v5/aws/s3crypto.go:147.2,147.18 1 1
github.com/sabariramc/goserverbase/v5/aws/s3crypto.go:150.91,152.16 2 1
github.com/sabariramc/goserverbase/v5/aws/s3crypto.go:152.16,155.3 2 0
github.com/sabariramc/goserverbase/v5/aws/s3crypto.go:156.2,156.28 1 1
github.com/sabariramc/goserverbase/v5/aws/s3crypto.go:159.94,161.16 2 1
github.com/sabariramc/goserverbase/v5/aws/s3crypto.go:161.16,163.3 1 0
github.com/sabariramc/goserverbase/v5/aws/s3crypto.go:164.2,165.16 2 1
github.com/sabariramc/goserverbase/v5/aws/s3crypto.go:165.16,168.3 2 0
github.com/sabariramc/goserverbase/v5/aws/s3crypto.go:169.2,171.16 3 1
github.com/sabariramc/goserverbase/v5/aws/s3crypto.go:171.16,174.3 2 0
github.com/sabariramc/goserverbase/v5/aws/s3crypto.go:175.2,175.20 1 1
github.com/sabariramc/goserverbase/v5/aws/s3crypto.go:175.20,179.3 3 0
github.com/sabariramc/goserverbase/v5/aws/s3crypto.go:180.2,180.12 1 1
github.com/sabariramc/goserverbase/v5/aws/s3crypto.go:189.114,192.51 3 1
github.com/sabariramc/goserverbase/v5/aws/s3crypto.go:192.51,194.3 1 0
github.com/sabariramc/goserverbase/v5/aws/s3crypto.go:194.8,196.17 2 1
github.com/sabariramc/goserverbase/v5/aws/s3crypto.go:196.17,199.4 2 0
github.com/sabariramc/goserverbase/v5/aws/s3crypto.go:200.3,204.17 5 1
github.com/sabariramc/goserverbase/v5/aws/s3crypto.go:204.17,207.4 2 0
github.com/sabariramc/goserverbase/v5/aws/s3crypto.go:208.3,209.37 2 1
github.com/sabariramc/goserverbase/v5/aws/s3crypto.go:211.2,212.16 2 1
github.com/sabariramc/goserverbase/v5/aws/s3crypto.go:212.16,215.3 2 0
github.com/sabariramc/goserverbase/v5/aws/s3crypto.go:216.2,216.122 1 1
github.com/sabariramc/goserverbase/v5/aws/secretmanager.go:29.85,32.2 2 1
github.com/sabariramc/goserverbase/v5/aws/secretmanager.go:34.67,35.39 1 1
github.com/sabariramc/goserverbase/v5/aws/secretmanager.go:35.39,37.3 1 1
github.com/sabariramc/goserverbase/v5/aws/secretmanager.go:38.2,38.67 1 1
github.com/sabariramc/goserverbase/v5/aws/secretmanager.go:41.91,43.2 1 1
github.com/sabariramc/goserverbase/v5/aws/secretmanager.go:45.106,47.57 2 1
github.com/sabariramc/goserverbase/v5/aws/secretmanager.go:47.57,49.3 1 1
github.com/sabariramc/goserverbase/v5/aws/secretmanager.go:49.8,52.17 3 1
github.com/sabariramc/goserverbase/v5/aws/secretmanager.go:52.17,55.4 2 0
github.com/sabariramc/goserverbase/v5/aws/secretmanager.go:56.3,57.43 2 1
github.com/sabariramc/goserverbase/v5/aws/secretmanager.go:59.2,61.16 3 1
github.com/sabariramc/goserverbase/v5/aws/secretmanager.go:61.16,64.3 2 0
github.com/sabariramc/goserverbase/v5/aws/secretmanager.go:65.2,65.18 1 1
github.com/sabariramc/goserverbase/v5/aws/sns.go:23.47,24.29 1 1
github.com/sabariramc/goserverbase/v5/aws/sns.go:24.29,26.3 1 1
github.com/sabariramc/goserverbase/v5/aws/sns.go:27.2,27.47 1 1
github.com/sabariramc/goserverbase/v5/aws/sns.go:30.64,33.2 2 1
github.com/sabariramc/goserverbase/v5/aws/sns.go:35.60,37.2 1 1
github.com/sabariramc/goserverbase/v5/aws/sns.go:39.150,49.16 5 1
github.com/sabariramc/goserverbase/v5/aws/sns.go:49.16,52.3 2 0
github.com/sabariramc/goserverbase/v5/aws/sns.go:53.2,53.17 1 1
github.com/sabariramc/goserverbase/v5/aws/sns.go:56.119,57.22 1 1
github.com/sabariramc/goserverbase/v5/aws/sns.go:57.22,59.3 1 1
github.com/sabariramc/goserverbase/v5/aws/sns.go:60.2,61.24 2 1
github.com/sabariramc/goserverbase/v5/aws/sns.go:61.24,63.33 2 1
github.com/sabariramc/goserverbase/v5/aws/sns.go:63.33,65.4 1 1
github.com/sabariramc/goserverbase/v5/aws/sns.go:67.2,68.36 2 1
github.com/sabariramc/goserverbase/v5/aws/sns.go:68.36,69.28 1 1
github.com/sabariramc/goserverbase/v5/aws/sns.go:70.15,74.5 1 1
github.com/sabariramc/goserverbase/v5/aws/sns.go:75.15,79.5 1 0
github.com/sabariramc/goserverbase/v5/aws/sns.go:80.11,84.5 1 0
github.com/sabariramc/goserverbase/v5/aws/sns.go:87.2,87.26 1 1
github.com/sabariramc/goserverbase/v5/aws/sqs.go:27.64,28.29 1 1
github.com/sabariramc/goserverbase/v5/aws/sqs.go:28.29,30.3 1 1
github.com/sabariramc/goserverbase/v5/aws/sqs.go:31.2,31.57 1 1
github.com/sabariramc/goserverbase/v5/aws/sqs.go:34.63,37.2 2 1
github.com/sabariramc/goserverbase/v5/aws/sqs.go:39.77,41.2 1 1
github.com/sabariramc/goserverbase/v5/aws/sqs.go:43.29,45.2 1 1
github.com/sabariramc/goserverbase/v5/aws/sqs.go:47.113,51.16 3 0
github.com/sabariramc/goserverbase/v5/aws/sqs.go:51.16,54.3 2 0
github.com/sabariramc/goserverbase/v5/aws/sqs.go:55.2,55.26 1 0
github.com/sabariramc/goserverbase/v5/aws/sqs.go:58.152,60.16 2 1
github.com/sabariramc/goserverbase/v5/aws/sqs.go:60.16,62.3 1 0
github.com/sabariramc/goserverbase/v5/aws/sqs.go:63.2,71.16 4 1
github.com/sabariramc/goserverbase/v5/aws/sqs.go:71.16,74.3 2 0
github.com/sabariramc/goserverbase/v5/aws/sqs.go:75.2,75.17 1 1
github.com/sabariramc/goserverbase/v5/aws/sqs.go:78.204,80.16 2 1
github.com/sabariramc/goserverbase/v5/aws/sqs.go:80.16,82.3 1 0
github.com/sabariramc/goserverbase/v5/aws/sqs.go:83.2,93.16 4 1
github.com/sabariramc/goserverbase/v5/aws/sqs.go:93.16,96.3 2 0
github.com/sabariramc/goserverbase/v5/aws/sqs.go:97.2,97.17 1 1
github.com/sabariramc/goserverbase/v5/aws/sqs.go:108.146,112.38 4 1
github.com/sabariramc/goserverbase/v5/aws/sqs.go:112.38,114.17 2 1
github.com/sabariramc/goserverbase/v5/aws/sqs.go:114.17,116.4 1 0
github.com/sabariramc/goserverbase/v5/aws/sqs.go:117.3,122.13 2 1
github.com/sabariramc/goserverbase/v5/aws/sqs.go:122.13,125.4 2 1
github.com/sabariramc/goserverbase/v5/aws/sqs.go:126.3,127.6 2 1
github.com/sabariramc/goserverbase/v5/aws/sqs.go:129.2,134.16 3 1
github.com/sabariramc/goserverbase/v5/aws/sqs.go:134.16,137.3 2 0
github.com/sabariramc/goserverbase/v5/aws/sqs.go:138.2,138.17 1 1
github.com/sabariramc/goserverbase/v5/aws/sqs.go:141.119,142.22 1 1
github.com/sabariramc/goserverbase/v5/aws/sqs.go:142.22,144.3 1 0
github.com/sabariramc/goserverbase/v5/aws/sqs.go:145.2,146.24 2 1
github.com/sabariramc/goserverbase/v5/aws/sqs.go:146.24,148.33 2 1
github.com/sabariramc/goserverbase/v5/aws/sqs.go:148.33,150.4 1 1
github.com/sabariramc/goserverbase/v5/aws/sqs.go:152.2,153.36 2 1
github.com/sabariramc/goserverbase/v5/aws/sqs.go:153.36,154.28 1 1
github.com/sabariramc/goserverbase/v5/aws/sqs.go:155.15,159.5 1 1
[...]
github.com/sabariramc/goserverbase/v5/app/meta.go:48.37,55.13 7 0
github.com/sabariramc/goserverbase/v5/app/meta.go:55.13,58.4 2 0
github.com/sabariramc/goserverbase/v5/app/meta.go:59.3,59.10 1 0
github.com/sabariramc/goserverbase/v5/app/meta.go:60.25,61.34 1 0
github.com/sabariramc/goserverbase/v5/app/meta.go:62.17,62.17 0 0
github.com/sabariramc/goserverbase/v5/app/meta.go:64.3,64.17 1 0
github.com/sabariramc/goserverbase/v5/app/meta.go:64.17,70.4 2 0
github.com/sabariramc/goserverbase/v5/app/meta.go:70.9,75.4 1 0
github.com/sabariramc/goserverbase/v5/app/meta.go:76.3,77.90 2 0
github.com/sabariramc/goserverbase/v5/app/meta.go:79.2,80.12 2 0
github.com/sabariramc/goserverbase/v5/app/shutdown.go:12.65,17.2 4 0
github.com/sabariramc/goserverbase/v5/app/shutdown.go:19.64,21.2 1 0
github.com/sabariramc/goserverbase/v5/app/shutdown.go:23.49,26.39 3 0
github.com/sabariramc/goserverbase/v5/app/shutdown.go:26.39,31.3 4 0
github.com/sabariramc/goserverbase/v5/app/shutdown.go:32.2,33.21 2 0
github.com/sabariramc/goserverbase/v5/app/shutdown.go:36.82,37.15 1 0
github.com/sabariramc/goserverbase/v5/app/shutdown.go:37.15,38.35 1 0
github.com/sabariramc/goserverbase/v5/app/shutdown.go:38.35,40.4 1 0
github.com/sabariramc/goserverbase/v5/app/shutdown.go:42.2,43.16 2 0
github.com/sabariramc/goserverbase/v5/app/shutdown.go:43.16,46.3 2 0
github.com/sabariramc/goserverbase/v5/app/shutdown.go:47.2,47.70 1 0
github.com/sabariramc/goserverbase/v5/app/shutdown.go:50.74,53.2 2 0
github.com/sabariramc/goserverbase/v5/app/utility.go:9.107,11.2 1 0
github.com/sabariramc/goserverbase/v5/app/utility.go:13.108,15.2 1 0
github.com/sabariramc/goserverbase/v5/app/server/kafkaconsumer/bootstrap.go:14.66,24.15 10 0
github.com/sabariramc/goserverbase/v5/app/server/kafkaconsumer/bootstrap.go:24.15,25.35 1 0
github.com/sabariramc/goserverbase/v5/app/server/kafkaconsumer/bootstrap.go:25.35,30.4 4 0
github.com/sabariramc/goserverbase/v5/app/server/kafkaconsumer/bootstrap.go:32.2,37.12 6 0
github.com/sabariramc/goserverbase/v5/app/server/kafkaconsumer/bootstrap.go:37.12,40.49 3 0
github.com/sabariramc/goserverbase/v5/app/server/kafkaconsumer/bootstrap.go:40.49,42.4 1 0
github.com/sabariramc/goserverbase/v5/app/server/kafkaconsumer/bootstrap.go:44.2,46.6 3 0
github.com/sabariramc/goserverbase/v5/app/server/kafkaconsumer/bootstrap.go:46.6,47.10 1 0
github.com/sabariramc/goserverbase/v5/app/server/kafkaconsumer/bootstrap.go:48.21,49.10 1 0
github.com/sabariramc/goserverbase/v5/app/server/kafkaconsumer/bootstrap.go:50.26,51.11 1 0
github.com/sabariramc/goserverbase/v5/app/server/kafkaconsumer/bootstrap.go:51.11,54.5 2 0
github.com/sabariramc/goserverbase/v5/app/server/kafkaconsumer/bootstrap.go:55.4,57.22 3 0
github.com/sabariramc/goserverbase/v5/app/server/kafkaconsumer/bootstrap.go:57.22,59.5 1 0
github.com/sabariramc/goserverbase/v5/app/server/kafkaconsumer/bootstrap.go:60.4,64.22 5 0
github.com/sabariramc/goserverbase/v5/app/server/kafkaconsumer/context.go:11.101,14.28 3 0
github.com/sabariramc/goserverbase/v5/app/server/kafkaconsumer/context.go:14.28,16.3 1 0
github.com/sabariramc/goserverbase/v5/app/server/kafkaconsumer/context.go:17.2,17.11 1 0
github.com/sabariramc/goserverbase/v5/app/server/kafkaconsumer/context.go:20.96,24.2 3 0
github.com/sabariramc/goserverbase/v5/app/server/kafkaconsumer/context.go:26.85,32.21 6 0
github.com/sabariramc/goserverbase/v5/app/server/kafkaconsumer/context.go:32.21,42.32 10 0
github.com/sabariramc/goserverbase/v5/app/server/kafkaconsumer/context.go:42.32,43.19 1 0
github.com/sabariramc/goserverbase/v5/app/server/kafkaconsumer/context.go:43.19,45.5 1 0
github.com/sabariramc/goserverbase/v5/app/server/kafkaconsumer/context.go:48.2,48.15 1 0
github.com/sabariramc/goserverbase/v5/app/server/kafkaconsumer/handler.go:13.110,14.20 1 0
github.com/sabariramc/goserverbase/v5/app/server/kafkaconsumer/handler.go:14.20,16.3 1 0
github.com/sabariramc/goserverbase/v5/app/server/kafkaconsumer/handler.go:17.2,17.39 1 0
github.com/sabariramc/goserverbase/v5/app/server/kafkaconsumer/handler.go:17.39,19.3 1 0
github.com/sabariramc/goserverbase/v5/app/server/kafkaconsumer/handler.go:20.2,20.32 1 0
github.com/sabariramc/goserverbase/v5/app/server/kafkaconsumer/handler.go:23.114,25.15 2 0
github.com/sabariramc/goserverbase/v5/app/server/kafkaconsumer/handler.go:25.15,26.13 1 0
github.com/sabariramc/goserverbase/v5/app/server/kafkaconsumer/handler.go:26.13,28.4 1 0
github.com/sabariramc/goserverbase/v5/app/server/kafkaconsumer/handler.go:30.2,30.15 1 0
github.com/sabariramc/goserverbase/v5/app/server/kafkaconsumer/handler.go:30.15,31.35 1 0
github.com/sabariramc/goserverbase/v5/app/server/kafkaconsumer/handler.go:31.35,34.14 3 0
github.com/sabariramc/goserverbase/v5/app/server/kafkaconsumer/handler.go:34.14,37.5 2 0
github.com/sabariramc/goserverbase/v5/app/server/kafkaconsumer/handler.go:40.2,41.16 2 0
github.com/sabariramc/goserverbase/v5/app/server/kafkaconsumer/handler.go:41.16,43.13 2 0
github.com/sabariramc/goserverbase/v5/app/server/kafkaconsumer/handler.go:43.13,46.4 2 0
github.com/sabariramc/goserverbase/v5/app/server/kafkaconsumer/handler.go:47.3,47.9 1 0
github.com/sabariramc/goserverbase/v5/app/server/kafkaconsumer/handler.go:49.2,49.12 1 0
github.com/sabariramc/goserverbase/v5/app/server/kafkaconsumer/handler.go:49.12,51.3 1 0
github.com/sabariramc/goserverbase/v5/app/server/kafkaconsumer/handler.go:54.65,56.2 1 0
github.com/sabariramc/goserverbase/v5/app/server/kafkaconsumer/handler.go:58.91,60.2 1 0
github.com/sabariramc/goserverbase/v5/app/server/kafkaconsumer/handler.go:62.62,64.27 2 0
github.com/sabariramc/goserverbase/v5/app/server/kafkaconsumer/handler.go:64.27,66.3 1 0
github.com/sabariramc/goserverbase/v5/app/server/kafkaconsumer/handler.go:67.2,70.16 4 0
github.com/sabariramc/goserverbase/v5/app/server/kafkaconsumer/handler.go:70.16,75.3 1 0
github.com/sabariramc/goserverbase/v5/app/server/kafkaconsumer/handler.go:76.2,76.19 1 0
github.com/sabariramc/goserverbase/v5/app/server/kafkaconsumer/handler.go:79.89,80.21 1 0
github.com/sabariramc/goserverbase/v5/app/server/kafkaconsumer/handler.go:80.21,82.3 1 0
github.com/sabariramc/goserverbase/v5/app/server/kafkaconsumer/handler.go:83.2,83.19 1 0
github.com/sabariramc/goserverbase/v5/app/server/kafkaconsumer/health_check.go:9.71,10.12 1 0
github.com/sabariramc/goserverbase/v5/app/server/kafkaconsumer/health_check.go:10.12,13.7 3 0
github.com/sabariramc/goserverbase/v5/app/server/kafkaconsumer/health_check.go:13.7,14.11 1 0
github.com/sabariramc/goserverbase/v5/app/server/kafkaconsumer/health_check.go:15.22,16.11 1 0
github.com/sabariramc/goserverbase/v5/app/server/kafkaconsumer/health_check.go:17.33,19.19 2 0
github.com/sabariramc/goserverbase/v5/app/server/kafkaconsumer/health_check.go:19.19,21.26 2 0
github.com/sabariramc/goserverbase/v5/app/server/kafkaconsumer/health_check.go:21.26,23.7 1 0
github.com/sabariramc/goserverbase/v5/app/server/kafkaconsumer/health_check.go:24.6,24.59 1 0
github.com/sabariramc/goserverbase/v5/app/server/kafkaconsumer/health_check.go:26.5,26.98 1 0
github.com/sabariramc/goserverbase/v5/app/server/kafkaconsumer/health_check.go:32.70,35.2 2 0
github.com/sabariramc/goserverbase/v5/app/server/kafkaconsumer/server.go:36.130,37.37 1 0
github.com/sabariramc/goserverbase/v5/app/server/kafkaconsumer/server.go:37.37,39.3 1 0
github.com/sabariramc/goserverbase/v5/app/server/kafkaconsumer/server.go:40.2,40.36 1 0
github.com/sabariramc/goserverbase/v5/app/server/kafkaconsumer/server.go:40.36,42.3 1 0
github.com/sabariramc/goserverbase/v5/app/server/kafkaconsumer/server.go:43.2,53.10 5 0
github.com/sabariramc/goserverbase/v5/app/server/kafkaconsumer/server.go:56.64,58.2 1 0
github.com/sabariramc/goserverbase/v5/app/server/kafkaconsumer/shutdown.go:5.67,12.2 6 0
github.com/sabariramc/goserverbase/v5/crypto/padding/pkcs7.go:9.37,11.2 1 0
github.com/sabariramc/goserverbase/v5/crypto/padding/pkcs7.go:13.52,17.2 3 0
github.com/sabariramc/goserverbase/v5/crypto/padding/pkcs7.go:19.46,23.2 3 0
github.com/sabariramc/goserverbase/v5/kafka/logger.go:20.78,22.15 2 0
github.com/sabariramc/goserverbase/v5/kafka/logger.go:22.15,24.3 1 0
github.com/sabariramc/goserverbase/v5/kafka/logger.go:24.8,25.36 1 0
github.com/sabariramc/goserverbase/v5/kafka/logger.go:25.36,26.42 1 0
github.com/sabariramc/goserverbase/v5/kafka/logger.go:26.42,29.5 2 0
github.com/sabariramc/goserverbase/v5/kafka/logger.go:31.3,31.32 1 0
github.com/sabariramc/goserverbase/v5/kafka/logger.go:40.89,41.16 1 1
github.com/sabariramc/goserverbase/v5/kafka/logger.go:41.16,45.3 3 0
github.com/sabariramc/goserverbase/v5/kafka/logger.go:46.2,46.45 1 1
github.com/sabariramc/goserverbase/v5/kafka/message.go:15.35,17.2 1 0
github.com/sabariramc/goserverbase/v5/kafka/message.go:19.50,20.22 1 0
github.com/sabariramc/goserverbase/v5/kafka/message.go:20.22,22.3 1 0
github.com/sabariramc/goserverbase/v5/kafka/message.go:23.2,24.38 2 0
github.com/sabariramc/goserverbase/v5/kafka/message.go:24.38,26.3 1 0
github.com/sabariramc/goserverbase/v5/kafka/message.go:27.2,27.18 1 0
github.com/sabariramc/goserverbase/v5/kafka/message.go:30.41,32.2 1 0
github.com/sabariramc/goserverbase/v5/kafka/message.go:34.36,35.24 1 0
github.com/sabariramc/goserverbase/v5/kafka/message.go:35.24,37.3 1 0
github.com/sabariramc/goserverbase/v5/kafka/message.go:38.2,38.21 1 0
github.com/sabariramc/goserverbase/v5/kafka/message.go:41.44,50.2 1 0
github.com/sabariramc/goserverbase/v5/kafka/poller.go:28.139,29.27 1 1
github.com/sabariramc/goserverbase/v5/kafka/poller.go:29.27,31.3 1 0
github.com/sabariramc/goserverbase/v5/kafka/poller.go:32.2,32.40 1 1
github.com/sabariramc/goserverbase/v5/kafka/poller.go:32.40,34.3 1 1
github.com/sabariramc/goserverbase/v5/kafka/poller.go:35.2,51.22 4 1
github.com/sabariramc/goserverbase/v5/kafka/poller.go:51.22,62.3 2 0
github.com/sabariramc/goserverbase/v5/kafka/poller.go:63.2,71.25 3 1
github.com/sabariramc/goserverbase/v5/kafka/poller.go:71.25,76.3 4 1
github.com/sabariramc/goserverbase/v5/kafka/poller.go:77.2,77.15 1 1
github.com/sabariramc/goserverbase/v5/kafka/poller.go:80.76,86.6 5 1
github.com/sabariramc/goserverbase/v5/kafka/poller.go:86.6,87.10 1 1
github.com/sabariramc/goserverbase/v5/kafka/poller.go:88.21,91.15 3 0
github.com/sabariramc/goserverbase/v5/kafka/poller.go:92.11,94.18 2 1
github.com/sabariramc/goserverbase/v5/kafka/poller.go:94.18,95.41 1 1
github.com/sabariramc/goserverbase/v5/kafka/poller.go:95.41,97.17 2 1
github.com/sabariramc/goserverbase/v5/kafka/poller.go:99.5,102.16 4 1
github.com/sabariramc/goserverbase/v5/kafka/poller.go:104.4,106.24 3 1
github.com/sabariramc/goserverbase/v5/kafka/poller.go:106.24,107.16 1 0
github.com/sabariramc/goserverbase/v5/kafka/poller.go:111.2,111.40 1 1
github.com/sabariramc/goserverbase/v5/kafka/poller.go:111.40,112.21 1 1
github.com/sabariramc/goserverbase/v5/kafka/poller.go:112.21,114.4 1 0
github.com/sabariramc/goserverbase/v5/kafka/poller.go:114.9,114.30 1 1
github.com/sabariramc/goserverbase/v5/kafka/poller.go:114.30,116.4 1 0
github.com/sabariramc/goserverbase/v5/kafka/poller.go:117.3,117.54 1 1
github.com/sabariramc/goserverbase/v5/kafka/poller.go:119.2,120.16 2 1
github.com/sabariramc/goserverbase/v5/kafka/poller.go:123.78,124.25 1 1
github.com/sabariramc/goserverbase/v5/kafka/poller.go:124.25,126.37 2 1
github.com/sabariramc/goserverbase/v5/kafka/poller.go:126.37,128.18 2 1
github.com/sabariramc/goserverbase/v5/kafka/poller.go:128.18,130.5 1 0
github.com/sabariramc/goserverbase/v5/kafka/poller.go:131.4,132.18 2 1
github.com/sabariramc/goserverbase/v5/kafka/poller.go:132.18,134.5 1 0
github.com/sabariramc/goserverbase/v5/kafka/poller.go:135.9,135.24 1 1
github.com/sabariramc/goserverbase/v5/kafka/poller.go:135.24,137.4 1 0
github.com/sabariramc/goserverbase/v5/kafka/poller.go:138.3,138.13 1 1
github.com/sabariramc/goserverbase/v5/kafka/poller.go:140.2,140.12 1 0
github.com/sabariramc/goserverbase/v5/kafka/poller.go:143.52,144.25 1 1
github.com/sabariramc/goserverbase/v5/kafka/poller.go:144.25,146.3 1 1
github.com/sabariramc/goserverbase/v5/kafka/poller.go:147.2,147.12 1 1
github.com/sabariramc/goserverbase/v5/kafka/poller.go:150.50,155.6 5 1
github.com/sabariramc/goserverbase/v5/kafka/poller.go:155.6,156.10 1 1
github.com/sabariramc/goserverbase/v5/kafka/poller.go:157.25,159.18 2 1
github.com/sabariramc/goserverbase/v5/kafka/poller.go:159.18,161.5 1 0
github.com/sabariramc/goserverbase/v5/kafka/poller.go:162.4,162.131 1 1
github.com/sabariramc/goserverbase/v5/kafka/poller.go:163.21,165.18 2 1
github.com/sabariramc/goserverbase/v5/kafka/poller.go:165.18,167.5 1 0
github.com/sabariramc/goserverbase/v5/kafka/poller.go:168.4,168.10 1 1
github.com/sabariramc/goserverbase/v5/kafka/poller.go:173.51,175.25 2 1
github.com/sabariramc/goserverbase/v5/kafka/poller.go:175.25,177.3 1 1
github.com/sabariramc/goserverbase/v5/kafka/poller.go:178.2,179.21 2 1
github.com/sabariramc/goserverbase/v5/kafka/poller.go:179.21,182.3 2 0
github.com/sabariramc/goserverbase/v5/kafka/poller.go:183.2,185.12 3 1
github.com/sabariramc/goserverbase/v5/kafka/poller.go:188.62,194.16 6 1
github.com/sabariramc/goserverbase/v5/kafka/poller.go:194.16,196.3 1 0
github.com/sabariramc/goserverbase/v5/kafka/poller.go:197.2,197.17 1 1
github.com/sabariramc/goserverbase/v5/kafka/producer.go:28.125,29.34 1 1
github.com/sabariramc/goserverbase/v5/kafka/producer.go:29.34,31.3 1 0
github.com/sabariramc/goserverbase/v5/kafka/producer.go:32.2,32.36 1 1
github.com/sabariramc/goserverbase/v5/kafka/producer.go:32.36,34.3 1 0
github.com/sabariramc/goserverbase/v5/kafka/producer.go:35.2,35.18 1 1
github.com/sabariramc/goserverbase/v5/kafka/producer.go:35.18,36.33 1 0
github.com/sabariramc/goserverbase/v5/kafka/producer.go:36.33,38.4 1 0
github.com/sabariramc/goserverbase/v5/kafka/producer.go:39.3,39.41 1 0
github.com/sabariramc/goserverbase/v5/kafka/producer.go:39.41,41.4 1 0
github.com/sabariramc/goserverbase/v5/kafka/producer.go:43.2,43.23 1 1
github.com/sabariramc/goserverbase/v5/kafka/producer.go:43.23,45.3 1 1
github.com/sabariramc/goserverbase/v5/kafka/producer.go:46.2,52.29 4 1
github.com/sabariramc/goserverbase/v5/kafka/producer.go:52.29,54.3 1 0
github.com/sabariramc/goserverbase/v5/kafka/producer.go:55.2,67.22 2 1
github.com/sabariramc/goserverbase/v5/kafka/producer.go:67.22,78.3 2 0
github.com/sabariramc/goserverbase/v5/kafka/producer.go:79.2,81.24 3 1
github.com/sabariramc/goserverbase/v5/kafka/producer.go:81.24,83.3 1 1
github.com/sabariramc/goserverbase/v5/kafka/producer.go:84.2,93.18 2 1
github.com/sabariramc/goserverbase/v5/kafka/producer.go:93.18,99.3 5 0
github.com/sabariramc/goserverbase/v5/kafka/producer.go:100.2,100.15 1 1
github.com/sabariramc/goserverbase/v5/kafka/producer.go:103.131,105.16 2 1
github.com/sabariramc/goserverbase/v5/kafka/producer.go:105.16,109.3 3 0
github.com/sabariramc/goserverbase/v5/kafka/producer.go:110.2,110.59 1 1
github.com/sabariramc/goserverbase/v5/kafka/producer.go:113.147,115.16 2 0
github.com/sabariramc/goserverbase/v5/kafka/producer.go:115.16,119.3 3 0
github.com/sabariramc/goserverbase/v5/kafka/producer.go:120.2,120.57 1 0
github.com/sabariramc/goserverbase/v5/kafka/producer.go:123.130,124.51 1 1
github.com/sabariramc/goserverbase/v5/kafka/producer.go:124.51,128.3 3 0
github.com/sabariramc/goserverbase/v5/kafka/producer.go:129.2,129.20 1 1
github.com/sabariramc/goserverbase/v5/kafka/producer.go:129.20,131.3 1 1
github.com/sabariramc/goserverbase/v5/kafka/producer.go:132.2,134.25 3 1
github.com/sabariramc/goserverbase/v5/kafka/producer.go:134.25,136.3 1 1
github.com/sabariramc/goserverbase/v5/kafka/producer.go:137.2,137.28 1 1
github.com/sabariramc/goserverbase/v5/kafka/producer.go:137.28,142.3 1 1
github.com/sabariramc/goserverbase/v5/kafka/producer.go:143.2,150.32 3 1
github.com/sabariramc/goserverbase/v5/kafka/producer.go:150.32,152.3 1 0
github.com/sabariramc/goserverbase/v5/kafka/producer.go:153.2,154.36 2 1
github.com/sabariramc/goserverbase/v5/kafka/producer.go:154.36,156.17 2 0
github.com/sabariramc/goserverbase/v5/kafka/producer.go:156.17,158.4 1 0
github.com/sabariramc/goserverbase/v5/kafka/producer.go:159.3,159.26 1 0
github.com/sabariramc/goserverbase/v5/kafka/producer.go:161.2,161.12 1 1
github.com/sabariramc/goserverbase/v5/kafka/producer.go:164.51,169.6 5 0
github.com/sabariramc/goserverbase/v5/kafka/producer.go:169.6,170.10 1 0
github.com/sabariramc/goserverbase/v5/kafka/producer.go:171.25,173.18 2 0
github.com/sabariramc/goserverbase/v5/kafka/producer.go:173.18,175.5 1 0
github.com/sabariramc/goserverbase/v5/kafka/producer.go:176.4,176.131 1 0
github.com/sabariramc/goserverbase/v5/kafka/producer.go:177.21,179.18 2 0
github.com/sabariramc/goserverbase/v5/kafka/producer.go:179.18,181.5 1 0
github.com/sabariramc/goserverbase/v5/kafka/producer.go:182.4,182.10 1 0
github.com/sabariramc/goserverbase/v5/kafka/producer.go:187.53,189.15 2 1
github.com/sabariramc/goserverbase/v5/kafka/producer.go:189.15,191.3 1 0
github.com/sabariramc/goserverbase/v5/kafka/producer.go:192.2,194.16 3 1
github.com/sabariramc/goserverbase/v5/kafka/producer.go:194.16,196.3 1 1
github.com/sabariramc/goserverbase/v5/kafka/producer.go:197.2,197.12 1 1
github.com/sabariramc/goserverbase/v5/kafka/producer.go:200.53,202.2 1 0
github.com/sabariramc/goserverbase/v5/kafka/producer.go:204.56,206.2 1 0
github.com/sabariramc/goserverbase/v5/kafka/producer.go:208.59,210.2 1 0
github.com/sabariramc/goserverbase/v5/kafka/api/reader.go:29.110,38.2 1 1
github.com/sabariramc/goserverbase/v5/kafka/api/reader.go:40.52,43.16 3 1
github.com/sabariramc/goserverbase/v5/kafka/api/reader.go:43.16,45.3 1 1
github.com/sabariramc/goserverbase/v5/kafka/api/reader.go:46.2,46.17 1 1
github.com/sabariramc/goserverbase/v5/kafka/api/reader.go:46.17,50.3 3 0
github.com/sabariramc/goserverbase/v5/kafka/api/reader.go:51.2,54.16 4 1
github.com/sabariramc/goserverbase/v5/kafka/api/reader.go:54.16,57.3 2 0
github.com/sabariramc/goserverbase/v5/kafka/api/reader.go:58.2,59.12 2 1
github.com/sabariramc/goserverbase/v5/kafka/api/reader.go:62.78,63.27 1 1
github.com/sabariramc/goserverbase/v5/kafka/api/reader.go:63.27,65.3 1 1
github.com/sabariramc/goserverbase/v5/kafka/api/reader.go:66.2,70.12 5 1
github.com/sabariramc/goserverbase/v5/kafka/api/reader.go:73.51,75.16 2 1
github.com/sabariramc/goserverbase/v5/kafka/api/reader.go:75.16,78.3 2 0
github.com/sabariramc/goserverbase/v5/kafka/api/reader.go:79.2,79.12 1 1
github.com/sabariramc/goserverbase/v5/kafka/api/writer.go:32.108,33.13 1 1
github.com/sabariramc/goserverbase/v5/kafka/api/writer.go:33.13,35.3 1 1
github.com/sabariramc/goserverbase/v5/kafka/api/writer.go:36.2,43.3 1 1
github.com/sabariramc/goserverbase/v5/kafka/api/writer.go:46.70,47.17 1 1
github.com/sabariramc/goserverbase/v5/kafka/api/writer.go:47.17,55.3 7 0
github.com/sabariramc/goserverbase/v5/kafka/api/writer.go:56.2,56.13 1 1
github.com/sabariramc/goserverbase/v5/kafka/api/writer.go:56.13,58.3 1 1
github.com/sabariramc/goserverbase/v5/kafka/api/writer.go:59.2,61.26 3 0
github.com/sabariramc/goserverbase/v5/kafka/api/writer.go:61.26,63.3 1 0
github.com/sabariramc/goserverbase/v5/kafka/api/writer.go:64.2,66.12 3 0
github.com/sabariramc/goserverbase/v5/kafka/api/writer.go:69.51,72.16 3 1
github.com/sabariramc/goserverbase/v5/kafka/api/writer.go:72.16,74.3 1 1
github.com/sabariramc/goserverbase/v5/kafka/api/writer.go:75.2,75.17 1 0
github.com/sabariramc/goserverbase/v5/kafka/api/writer.go:75.17,79.3 3 0
github.com/sabariramc/goserverbase/v5/kafka/api/writer.go:80.2,83.16 4 0
github.com/sabariramc/goserverbase/v5/kafka/api/writer.go:83.16,86.3 2 0
github.com/sabariramc/goserverbase/v5/kafka/api/writer.go:87.2,87.12 1 0
github.com/sabariramc/goserverbase/v5/kafka/api/writer.go:90.51,91.20 1 1
github.com/sabariramc/goserverbase/v5/kafka/api/writer.go:91.20,93.3 1 0
github.com/sabariramc/goserverbase/v5/kafka/api/writer.go:94.2,96.16 3 1
github.com/sabariramc/goserverbase/v5/kafka/api/writer.go:96.16,99.3 2 0
github.com/sabariramc/goserverbase/v5/kafka/api/writer.go:100.2,100.12 1 1
